Event[0]
  Log Name: System
  Source: Microsoft-Windows-Time-Service
  Date: 2026-09-21T20:57:42.8260000Z
  Event ID: 158
  Task: N/A
  Level: Information
  Opcode: Info
  Keyword: N/A
  User: S-1-5-19
  User Name: NT AUTHORITY\LOCAL SERVICE
  Computer: bytesize
  Description: 
The time provider 'VMICTimeProvider' has indicated that the current hardware and operating environment is not supported and has stopped. This behavior is expected for VMICTimeProvider on non-HyperV-guest environments. This may be the expected behavior for the current provider in the current operating environment as well.

Event[1]
  Log Name: System
  Source: Microsoft-Windows-IsolatedUserMode
  Date: 2026-09-21T20:56:32.2460000Z
  Event ID: 2
  Task: N/A
  Level: Information
  Opcode: Info
  Keyword: N/A
  User: S-1-5-19
  User Name: NT AUTHORITY\LOCAL SERVICE
  Computer: bytesize
  Description: 
Secure Trustlet Id 6 and Pid 26908 stopped with status STATUS_SUCCESS.

Event[2]
  Log Name: System
  Source: Microsoft-Windows-Hyper-V-VmSwitch
  Date: 2026-09-21T20:54:41.5410000Z
  Event ID: 291
  Task: N/A
  Level: Information
  Opcode: Info
  Keyword: N/A
  User: S-1-5-18
  User Name: NT AUTHORITY\SYSTEM
  Computer: bytesize
  Description: 
RSC offload modified for NIC 8A5340E4-22AD-412B-9577-4CEF1E76397F--59184CD9-180B-41E3-8785-99DA83FBD793 (Friendly Name: ) Previous IPv4: Enabled, Current IPv4: Enabled, Previous IPv6: Enabled, Current IPv6: Enabled. Reason: RSC OID

Event[3]
  Log Name: System
  Source: Microsoft-Windows-Hyper-V-VmSwitch
  Date: 2026-09-21T20:54:41.5410000Z
  Event ID: 291
  Task: N/A
  Level: Information
  Opcode: Info
  Keyword: N/A
  User: N/A
  User Name: N/A
  Computer: bytesize
  Description: 
RSC offload modified for NIC 8A5340E4-22AD-412B-9577-4CEF1E76397F--59184CD9-180B-41E3-8785-99DA83FBD793 (Friendly Name: ) Previous IPv4: Enabled, Current IPv4: Enabled, Previous IPv6: Enabled, Current IPv6: Enabled. Reason: NIC connect

Event[4]
  Log Name: System
  Source: Microsoft-Windows-Hyper-V-VmSwitch
  Date: 2026-09-21T20:54:41.5370000Z
  Event ID: 102
  Task: N/A
  Level: Information
  Opcode: Info
  Keyword: N/A
  User: S-1-5-83-1-2320711908-1093345965-4014765973-2134472222
  User Name: NT VIRTUAL MACHINE\8A5340E4-22AD-412B-9577-4CEF1E76397F
  Computer: bytesize
  Description: 
Networking driver in 8A5340E4-22AD-412B-9577-4CEF1E76397F is loaded and the protocol version is negotiated to the most recent version (Virtual machine ID 8A5340E4-22AD-412B-9577-4CEF1E76397F).

Event[5]
  Log Name: System
  Source: Microsoft-Windows-Hyper-V-VmSwitch
  Date: 2026-09-21T20:54:41.2780000Z
  Event ID: 291
  Task: N/A
  Level: Information
  Opcode: Info
  Keyword: N/A
  User: S-1-5-18
  User Name: NT AUTHORITY\SYSTEM
  Computer: bytesize
  Description: 
RSC offload modified for NIC 8A5340E4-22AD-412B-9577-4CEF1E76397F--59184CD9-180B-41E3-8785-99DA83FBD793 (Friendly Name: ) Previous IPv4: Disabled, Current IPv4: Enabled, Previous IPv6: Disabled, Current IPv6: Enabled. Reason: RSC OID

Event[6]
  Log Name: System
  Source: Microsoft-Windows-Hyper-V-VmSwitch
  Date: 2026-09-21T20:54:41.2780000Z
  Event ID: 291
  Task: N/A
  Level: Information
  Opcode: Info
  Keyword: N/A
  User: N/A
  User Name: N/A
  Computer: bytesize
  Description: 
RSC offload modified for NIC 8A5340E4-22AD-412B-9577-4CEF1E76397F--59184CD9-180B-41E3-8785-99DA83FBD793 (Friendly Name: ) Previous IPv4: Disabled, Current IPv4: Disabled, Previous IPv6: Disabled, Current IPv6: Disabled. Reason: NIC connect

Event[7]
  Log Name: System
  Source: Microsoft-Windows-Hyper-V-VmSwitch
  Date: 2026-09-21T20:54:41.2720000Z
  Event ID: 102
  Task: N/A
  Level: Information
  Opcode: Info
  Keyword: N/A
  User: S-1-5-83-1-2320711908-1093345965-4014765973-2134472222
  User Name: NT VIRTUAL MACHINE\8A5340E4-22AD-412B-9577-4CEF1E76397F
  Computer: bytesize
  Description: 
Networking driver in 8A5340E4-22AD-412B-9577-4CEF1E76397F is loaded and the protocol version is negotiated to the most recent version (Virtual machine ID 8A5340E4-22AD-412B-9577-4CEF1E76397F).

Event[8]
  Log Name: System
  Source: Microsoft-Windows-Hyper-V-VmSwitch
  Date: 2026-09-21T20:54:41.2720000Z
  Event ID: 232
  Task: N/A
  Level: Information
  Opcode: Info
  Keyword: N/A
  User: S-1-5-83-1-2320711908-1093345965-4014765973-2134472222
  User Name: NT VIRTUAL MACHINE\8A5340E4-22AD-412B-9577-4CEF1E76397F
  Computer: bytesize
  Description: 
NIC 8A5340E4-22AD-412B-9577-4CEF1E76397F--59184CD9-180B-41E3-8785-99DA83FBD793 (Friendly Name: ) successfully connected to port 59184CD9-180B-41E3-8785-99DA83FBD793 (Friendly Name: 59184CD9-180B-41E3-8785-99DA83FBD793) on switch 790E58B4-7939-4434-9358-89AE7DDBE87E(Friendly Name: WSL (Hyper-V firewall)).

Event[9]
  Log Name: System
  Source: Microsoft-Windows-Hyper-V-VmSwitch
  Date: 2026-09-21T20:54:41.2690000Z
  Event ID: 233
  Task: N/A
  Level: Information
  Opcode: Info
  Keyword: N/A
  User: S-1-5-83-1-2320711908-1093345965-4014765973-2134472222
  User Name: NT VIRTUAL MACHINE\8A5340E4-22AD-412B-9577-4CEF1E76397F
  Computer: bytesize
  Description: 
The operation 'Create' succeeded on nic 8A5340E4-22AD-412B-9577-4CEF1E76397F--59184CD9-180B-41E3-8785-99DA83FBD793 (Friendly Name: ), Instance Id {00000000-0000-0000-0000-000000000000}.

Event[10]
  Log Name: System
  Source: Microsoft-Windows-Hyper-V-VmSwitch
  Date: 2026-09-21T20:54:41.2690000Z
  Event ID: 291
  Task: N/A
  Level: Information
  Opcode: Info
  Keyword: N/A
  User: S-1-5-83-1-2320711908-1093345965-4014765973-2134472222
  User Name: NT VIRTUAL MACHINE\8A5340E4-22AD-412B-9577-4CEF1E76397F
  Computer: bytesize
  Description: 
RSC offload modified for NIC 8A5340E4-22AD-412B-9577-4CEF1E76397F--59184CD9-180B-41E3-8785-99DA83FBD793 (Friendly Name: ) Previous IPv4: Disabled, Current IPv4: Disabled, Previous IPv6: Disabled, Current IPv6: Disabled. Reason: NIC create

Event[11]
  Log Name: System
  Source: Microsoft-Windows-Hyper-V-VmSwitch
  Date: 2026-09-21T20:54:41.2640000Z
  Event ID: 67
  Task: N/A
  Level: Information
  Opcode: Info
  Keyword: N/A
  User: S-1-5-18
  User Name: NT AUTHORITY\SYSTEM
  Computer: bytesize
  Description: 
Port 59184CD9-180B-41E3-8785-99DA83FBD793 (Friendly Name: 59184CD9-180B-41E3-8785-99DA83FBD793) successfully created on switch 790E58B4-7939-4434-9358-89AE7DDBE87E (Friendly Name: WSL (Hyper-V firewall)).

Event[12]
  Log Name: System
  Source: Microsoft-Windows-Hyper-V-VmSwitch
  Date: 2026-09-21T20:54:41.2640000Z
  Event ID: 292
  Task: N/A
  Level: Information
  Opcode: Info
  Keyword: N/A
  User: N/A
  User Name: N/A
  Computer: bytesize
  Description: 
RSC offload modified for Port 59184CD9-180B-41E3-8785-99DA83FBD793 (Friendly Name: 59184CD9-180B-41E3-8785-99DA83FBD793) Previous: Disabled, Current: Enabled. Reason: Port create

Event[13]
  Log Name: System
  Source: Service Control Manager
  Date: 2026-09-21T20:48:45.7930000Z
  Event ID: 7009
  Task: N/A
  Level: Error
  Opcode: N/A
  Keyword: Classic,
  User: N/A
  User Name: N/A
  Computer: bytesize
  Description: 
A timeout was reached (30000 milliseconds) while waiting for the Intel(R) SUR QC Software Asset Manager service to connect.

Event[14]
  Log Name: System
  Source: Microsoft-Windows-WindowsUpdateClient
  Date: 2026-09-21T20:48:35.5300000Z
  Event ID: 19
  Task: Windows Update Agent
  Level: Information
  Opcode: Installation
  Keyword: Installation,Success,
  User: S-1-5-18
  User Name: NT AUTHORITY\SYSTEM
  Computer: bytesize
  Description: 
Installation Successful: Windows successfully installed the following update: Security Intelligence Update for Microsoft Defender Antivirus - KB2267602 (Version 1.459.327.0) - Current Channel (Broad)

Event[15]
  Log Name: System
  Source: Microsoft-Windows-IsolatedUserMode
  Date: 2026-09-21T20:48:32.2420000Z
  Event ID: 1
  Task: N/A
  Level: Information
  Opcode: Info
  Keyword: N/A
  User: S-1-5-19
  User Name: NT AUTHORITY\LOCAL SERVICE
  Computer: bytesize
  Description: 
Secure Trustlet \??\C:\WINDOWS\System32\NgcIso.exe Id 6 and Pid 26908 started with status STATUS_SUCCESS.

Event[16]
  Log Name: System
  Source: Microsoft-Windows-IsolatedUserMode
  Date: 2026-09-21T20:48:32.2420000Z
  Event ID: 5
  Task: N/A
  Level: Information
  Opcode: Info
  Keyword: N/A
  User: S-1-5-19
  User Name: NT AUTHORITY\LOCAL SERVICE
  Computer: bytesize
  Description: 
Secure Trustlet NULL Id 0 and Pid 0 started with status STATUS_SUCCESS.

Event[17]
  Log Name: System
  Source: Microsoft-Windows-WindowsUpdateClient
  Date: 2026-09-21T20:48:29.9440000Z
  Event ID: 43
  Task: Windows Update Agent
  Level: Information
  Opcode: Installation
  Keyword: Installation,Started,
  User: S-1-5-18
  User Name: NT AUTHORITY\SYSTEM
  Computer: bytesize
  Description: 
Installation Started: Windows has started installing the following update: Security Intelligence Update for Microsoft Defender Antivirus - KB2267602 (Version 1.459.327.0) - Current Channel (Broad)

Event[18]
  Log Name: System
  Source: Microsoft-Windows-WindowsUpdateClient
  Date: 2026-09-21T20:48:29.9440000Z
  Event ID: 44
  Task: Windows Update Agent
  Level: Information
  Opcode: Installation
  Keyword: Download,Started,
  User: S-1-5-18
  User Name: NT AUTHORITY\SYSTEM
  Computer: bytesize
  Description: 
Windows Update started downloading an update.

Event[19]
  Log Name: System
  Source: Microsoft-Windows-DistributedCOM
  Date: 2026-09-21T20:48:28.2880000Z
  Event ID: 10016
  Task: N/A
  Level: Warning
  Opcode: Info
  Keyword: Classic,
  User: S-1-5-20
  User Name: NT AUTHORITY\NETWORK SERVICE
  Computer: bytesize
  Description: 
The application-specific permission settings do not grant Local Activation permission for the COM Server application with CLSID 
{9EA82395-E31B-41CA-8DF7-EC1CEE7194DF}
 and APPID 
{2ED83BAA-B2FD-43B1-99BF-E6149C622692}
 to the user NT AUTHORITY\NETWORK SERVICE SID (S-1-5-20) from address LocalHost (Using LRPC) running in the application container Unavailable SID (Unavailable). This security permission can be modified using the Component Services administrative tool.

Event[20]
  Log Name: System
  Source: Microsoft-Windows-Kernel-General
  Date: 2026-09-21T20:48:23.6850000Z
  Event ID: 16
  Task: N/A
  Level: Information
  Opcode: Info
  Keyword: N/A
  User: S-1-5-18
  User Name: NT AUTHORITY\SYSTEM
  Computer: bytesize
  Description: 
The access history in hive \??\C:\ProgramData\Microsoft\Provisioning\Microsoft-Desktop-Provisioning-Sequence.dat was cleared updating 0 keys and creating 0 modified pages.

Event[21]
  Log Name: System
  Source: Microsoft-Windows-IsolatedUserMode
  Date: 2026-09-21T20:47:11.9320000Z
  Event ID: 2
  Task: N/A
  Level: Information
  Opcode: Info
  Keyword: N/A
  User: S-1-5-19
  User Name: NT AUTHORITY\LOCAL SERVICE
  Computer: bytesize
  Description: 
Secure Trustlet Id 6 and Pid 6440 stopped with status STATUS_SUCCESS.

Event[22]
  Log Name: System
  Source: Microsoft-Windows-Hyper-V-VmSwitch
  Date: 2026-09-21T20:46:48.6490000Z
  Event ID: 71
  Task: N/A
  Level: Information
  Opcode: Info
  Keyword: N/A
  User: S-1-5-83-1-3036736477-1086609052-94865848-526730418
  User Name: NT VIRTUAL MACHINE\B500EBDD-569C-40C4-B889-A705B244651F
  Computer: bytesize
  Description: 
Delete complete for port 53BE1334-BC2C-4CEA-AAA9-079F19A52B89 (Friendly Name: 53BE1334-BC2C-4CEA-AAA9-079F19A52B89).

Event[23]
  Log Name: System
  Source: Microsoft-Windows-Hyper-V-VmSwitch
  Date: 2026-09-21T20:46:48.6490000Z
  Event ID: 69
  Task: N/A
  Level: Information
  Opcode: Info
  Keyword: N/A
  User: S-1-5-83-1-3036736477-1086609052-94865848-526730418
  User Name: NT VIRTUAL MACHINE\B500EBDD-569C-40C4-B889-A705B244651F
  Computer: bytesize
  Description: 
Port 53BE1334-BC2C-4CEA-AAA9-079F19A52B89 (Friendly Name: 53BE1334-BC2C-4CEA-AAA9-079F19A52B89) successfully deleted - switch 790E58B4-7939-4434-9358-89AE7DDBE87E (Friendly Name: WSL (Hyper-V firewall)).

Event[24]
  Log Name: System
  Source: Microsoft-Windows-Hyper-V-VmSwitch
  Date: 2026-09-21T20:46:48.6460000Z
  Event ID: 233
  Task: N/A
  Level: Information
  Opcode: Info
  Keyword: N/A
  User: S-1-5-83-1-3036736477-1086609052-94865848-526730418
  User Name: NT VIRTUAL MACHINE\B500EBDD-569C-40C4-B889-A705B244651F
  Computer: bytesize
  Description: 
The operation 'Delete' succeeded on nic B500EBDD-569C-40C4-B889-A705B244651F--53BE1334-BC2C-4CEA-AAA9-079F19A52B89 (Friendly Name: ), Instance Id {00000000-0000-0000-0000-000000000000}.

Event[25]
  Log Name: System
  Source: Microsoft-Windows-Hyper-V-VmSwitch
  Date: 2026-09-21T20:46:48.6450000Z
  Event ID: 234
  Task: N/A
  Level: Information
  Opcode: Info
  Keyword: N/A
  User: S-1-5-83-1-3036736477-1086609052-94865848-526730418
  User Name: NT VIRTUAL MACHINE\B500EBDD-569C-40C4-B889-A705B244651F
  Computer: bytesize
  Description: 
NIC B500EBDD-569C-40C4-B889-A705B244651F--53BE1334-BC2C-4CEA-AAA9-079F19A52B89 successfully disconnected from port .

Event[26]
  Log Name: System
  Source: Microsoft-Windows-Hyper-V-VmSwitch
  Date: 2026-09-21T20:46:48.0970000Z
  Event ID: 234
  Task: N/A
  Level: Information
  Opcode: Info
  Keyword: N/A
  User: S-1-5-18
  User Name: NT AUTHORITY\SYSTEM
  Computer: bytesize
  Description: 
NIC B500EBDD-569C-40C4-B889-A705B244651F--53BE1334-BC2C-4CEA-AAA9-079F19A52B89 successfully disconnected from port .

Event[27]
  Log Name: System
  Source: Microsoft-Windows-Hyper-V-VmSwitch
  Date: 2026-09-21T20:45:43.0520000Z
  Event ID: 291
  Task: N/A
  Level: Information
  Opcode: Info
  Keyword: N/A
  User: S-1-5-18
  User Name: NT AUTHORITY\SYSTEM
  Computer: bytesize
  Description: 
RSC offload modified for NIC B500EBDD-569C-40C4-B889-A705B244651F--53BE1334-BC2C-4CEA-AAA9-079F19A52B89 (Friendly Name: ) Previous IPv4: Enabled, Current IPv4: Enabled, Previous IPv6: Enabled, Current IPv6: Enabled. Reason: RSC OID

Event[28]
  Log Name: System
  Source: Microsoft-Windows-Hyper-V-VmSwitch
  Date: 2026-09-21T20:45:43.0510000Z
  Event ID: 291
  Task: N/A
  Level: Information
  Opcode: Info
  Keyword: N/A
  User: N/A
  User Name: N/A
  Computer: bytesize
  Description: 
RSC offload modified for NIC B500EBDD-569C-40C4-B889-A705B244651F--53BE1334-BC2C-4CEA-AAA9-079F19A52B89 (Friendly Name: ) Previous IPv4: Enabled, Current IPv4: Enabled, Previous IPv6: Enabled, Current IPv6: Enabled. Reason: NIC connect

Event[29]
  Log Name: System
  Source: Microsoft-Windows-Hyper-V-VmSwitch
  Date: 2026-09-21T20:45:43.0480000Z
  Event ID: 102
  Task: N/A
  Level: Information
  Opcode: Info
  Keyword: N/A
  User: S-1-5-83-1-3036736477-1086609052-94865848-526730418
  User Name: NT VIRTUAL MACHINE\B500EBDD-569C-40C4-B889-A705B244651F
  Computer: bytesize
  Description: 
Networking driver in B500EBDD-569C-40C4-B889-A705B244651F is loaded and the protocol version is negotiated to the most recent version (Virtual machine ID B500EBDD-569C-40C4-B889-A705B244651F).

Event[30]
  Log Name: System
  Source: Microsoft-Windows-Hyper-V-VmSwitch
  Date: 2026-09-21T20:45:42.9450000Z
  Event ID: 291
  Task: N/A
  Level: Information
  Opcode: Info
  Keyword: N/A
  User: S-1-5-18
  User Name: NT AUTHORITY\SYSTEM
  Computer: bytesize
  Description: 
RSC offload modified for NIC B500EBDD-569C-40C4-B889-A705B244651F--53BE1334-BC2C-4CEA-AAA9-079F19A52B89 (Friendly Name: ) Previous IPv4: Disabled, Current IPv4: Enabled, Previous IPv6: Disabled, Current IPv6: Enabled. Reason: RSC OID

Event[31]
  Log Name: System
  Source: Microsoft-Windows-Hyper-V-VmSwitch
  Date: 2026-09-21T20:45:42.9450000Z
  Event ID: 291
  Task: N/A
  Level: Information
  Opcode: Info
  Keyword: N/A
  User: N/A
  User Name: N/A
  Computer: bytesize
  Description: 
RSC offload modified for NIC B500EBDD-569C-40C4-B889-A705B244651F--53BE1334-BC2C-4CEA-AAA9-079F19A52B89 (Friendly Name: ) Previous IPv4: Disabled, Current IPv4: Disabled, Previous IPv6: Disabled, Current IPv6: Disabled. Reason: NIC connect

Event[32]
  Log Name: System
  Source: Microsoft-Windows-Hyper-V-VmSwitch
  Date: 2026-09-21T20:45:42.9390000Z
  Event ID: 102
  Task: N/A
  Level: Information
  Opcode: Info
  Keyword: N/A
  User: S-1-5-83-1-3036736477-1086609052-94865848-526730418
  User Name: NT VIRTUAL MACHINE\B500EBDD-569C-40C4-B889-A705B244651F
  Computer: bytesize
  Description: 
Networking driver in B500EBDD-569C-40C4-B889-A705B244651F is loaded and the protocol version is negotiated to the most recent version (Virtual machine ID B500EBDD-569C-40C4-B889-A705B244651F).

Event[33]
  Log Name: System
  Source: Microsoft-Windows-Hyper-V-VmSwitch
  Date: 2026-09-21T20:45:42.9380000Z
  Event ID: 232
  Task: N/A
  Level: Information
  Opcode: Info
  Keyword: N/A
  User: S-1-5-83-1-3036736477-1086609052-94865848-526730418
  User Name: NT VIRTUAL MACHINE\B500EBDD-569C-40C4-B889-A705B244651F
  Computer: bytesize
  Description: 
NIC B500EBDD-569C-40C4-B889-A705B244651F--53BE1334-BC2C-4CEA-AAA9-079F19A52B89 (Friendly Name: ) successfully connected to port 53BE1334-BC2C-4CEA-AAA9-079F19A52B89 (Friendly Name: 53BE1334-BC2C-4CEA-AAA9-079F19A52B89) on switch 790E58B4-7939-4434-9358-89AE7DDBE87E(Friendly Name: WSL (Hyper-V firewall)).

Event[34]
  Log Name: System
  Source: Microsoft-Windows-Hyper-V-VmSwitch
  Date: 2026-09-21T20:45:42.9360000Z
  Event ID: 233
  Task: N/A
  Level: Information
  Opcode: Info
  Keyword: N/A
  User: S-1-5-83-1-3036736477-1086609052-94865848-526730418
  User Name: NT VIRTUAL MACHINE\B500EBDD-569C-40C4-B889-A705B244651F
  Computer: bytesize
  Description: 
The operation 'Create' succeeded on nic B500EBDD-569C-40C4-B889-A705B244651F--53BE1334-BC2C-4CEA-AAA9-079F19A52B89 (Friendly Name: ), Instance Id {00000000-0000-0000-0000-000000000000}.

Event[35]
  Log Name: System
  Source: Microsoft-Windows-Hyper-V-VmSwitch
  Date: 2026-09-21T20:45:42.9360000Z
  Event ID: 291
  Task: N/A
  Level: Information
  Opcode: Info
  Keyword: N/A
  User: S-1-5-83-1-3036736477-1086609052-94865848-526730418
  User Name: NT VIRTUAL MACHINE\B500EBDD-569C-40C4-B889-A705B244651F
  Computer: bytesize
  Description: 
RSC offload modified for NIC B500EBDD-569C-40C4-B889-A705B244651F--53BE1334-BC2C-4CEA-AAA9-079F19A52B89 (Friendly Name: ) Previous IPv4: Disabled, Current IPv4: Disabled, Previous IPv6: Disabled, Current IPv6: Disabled. Reason: NIC create

Event[36]
  Log Name: System
  Source: Microsoft-Windows-Hyper-V-VmSwitch
  Date: 2026-09-21T20:45:42.9310000Z
  Event ID: 67
  Task: N/A
  Level: Information
  Opcode: Info
  Keyword: N/A
  User: S-1-5-18
  User Name: NT AUTHORITY\SYSTEM
  Computer: bytesize
  Description: 
Port 53BE1334-BC2C-4CEA-AAA9-079F19A52B89 (Friendly Name: 53BE1334-BC2C-4CEA-AAA9-079F19A52B89) successfully created on switch 790E58B4-7939-4434-9358-89AE7DDBE87E (Friendly Name: WSL (Hyper-V firewall)).

Event[37]
  Log Name: System
  Source: Microsoft-Windows-Hyper-V-VmSwitch
  Date: 2026-09-21T20:45:42.9310000Z
  Event ID: 292
  Task: N/A
  Level: Information
  Opcode: Info
  Keyword: N/A
  User: N/A
  User Name: N/A
  Computer: bytesize
  Description: 
RSC offload modified for Port 53BE1334-BC2C-4CEA-AAA9-079F19A52B89 (Friendly Name: 53BE1334-BC2C-4CEA-AAA9-079F19A52B89) Previous: Disabled, Current: Enabled. Reason: Port create

Event[38]
  Log Name: System
  Source: Microsoft-Windows-Hyper-V-VmSwitch
  Date: 2026-09-21T20:45:22.3860000Z
  Event ID: 71
  Task: N/A
  Level: Information
  Opcode: Info
  Keyword: N/A
  User: S-1-5-83-1-1766231237-1176214724-2066245000-2344587314
  User Name: NT VIRTUAL MACHINE\69468CC5-9CC4-461B-8865-287B3290BF8B
  Computer: bytesize
  Description: 
Delete complete for port D7AF0035-0366-4D6E-8052-B6FBF06010BF (Friendly Name: D7AF0035-0366-4D6E-8052-B6FBF06010BF).

Event[39]
  Log Name: System
  Source: Microsoft-Windows-Hyper-V-VmSwitch
  Date: 2026-09-21T20:45:22.3860000Z
  Event ID: 69
  Task: N/A
  Level: Information
  Opcode: Info
  Keyword: N/A
  User: S-1-5-83-1-1766231237-1176214724-2066245000-2344587314
  User Name: NT VIRTUAL MACHINE\69468CC5-9CC4-461B-8865-287B3290BF8B
  Computer: bytesize
  Description: 
Port D7AF0035-0366-4D6E-8052-B6FBF06010BF (Friendly Name: D7AF0035-0366-4D6E-8052-B6FBF06010BF) successfully deleted - switch 790E58B4-7939-4434-9358-89AE7DDBE87E (Friendly Name: WSL (Hyper-V firewall)).

Event[40]
  Log Name: System
  Source: Microsoft-Windows-Hyper-V-VmSwitch
  Date: 2026-09-21T20:45:22.3840000Z
  Event ID: 233
  Task: N/A
  Level: Information
  Opcode: Info
  Keyword: N/A
  User: S-1-5-83-1-1766231237-1176214724-2066245000-2344587314
  User Name: NT VIRTUAL MACHINE\69468CC5-9CC4-461B-8865-287B3290BF8B
  Computer: bytesize
  Description: 
The operation 'Delete' succeeded on nic 69468CC5-9CC4-461B-8865-287B3290BF8B--D7AF0035-0366-4D6E-8052-B6FBF06010BF (Friendly Name: ), Instance Id {00000000-0000-0000-0000-000000000000}.

Event[41]
  Log Name: System
  Source: Microsoft-Windows-Hyper-V-VmSwitch
  Date: 2026-09-21T20:45:22.3820000Z
  Event ID: 234
  Task: N/A
  Level: Information
  Opcode: Info
  Keyword: N/A
  User: S-1-5-83-1-1766231237-1176214724-2066245000-2344587314
  User Name: NT VIRTUAL MACHINE\69468CC5-9CC4-461B-8865-287B3290BF8B
  Computer: bytesize
  Description: 
NIC 69468CC5-9CC4-461B-8865-287B3290BF8B--D7AF0035-0366-4D6E-8052-B6FBF06010BF successfully disconnected from port .

Event[42]
  Log Name: System
  Source: Microsoft-Windows-Hyper-V-VmSwitch
  Date: 2026-09-21T20:45:22.1510000Z
  Event ID: 234
  Task: N/A
  Level: Information
  Opcode: Info
  Keyword: N/A
  User: S-1-5-18
  User Name: NT AUTHORITY\SYSTEM
  Computer: bytesize
  Description: 
NIC 69468CC5-9CC4-461B-8865-287B3290BF8B--D7AF0035-0366-4D6E-8052-B6FBF06010BF successfully disconnected from port .

Event[43]
  Log Name: System
  Source: Microsoft-Windows-Hyper-V-VmSwitch
  Date: 2026-09-21T20:43:11.4920000Z
  Event ID: 291
  Task: N/A
  Level: Information
  Opcode: Info
  Keyword: N/A
  User: S-1-5-18
  User Name: NT AUTHORITY\SYSTEM
  Computer: bytesize
  Description: 
RSC offload modified for NIC 69468CC5-9CC4-461B-8865-287B3290BF8B--D7AF0035-0366-4D6E-8052-B6FBF06010BF (Friendly Name: ) Previous IPv4: Enabled, Current IPv4: Enabled, Previous IPv6: Enabled, Current IPv6: Enabled. Reason: RSC OID

Event[44]
  Log Name: System
  Source: Microsoft-Windows-Hyper-V-VmSwitch
  Date: 2026-09-21T20:43:11.4920000Z
  Event ID: 291
  Task: N/A
  Level: Information
  Opcode: Info
  Keyword: N/A
  User: N/A
  User Name: N/A
  Computer: bytesize
  Description: 
RSC offload modified for NIC 69468CC5-9CC4-461B-8865-287B3290BF8B--D7AF0035-0366-4D6E-8052-B6FBF06010BF (Friendly Name: ) Previous IPv4: Enabled, Current IPv4: Enabled, Previous IPv6: Enabled, Current IPv6: Enabled. Reason: NIC connect

Event[45]
  Log Name: System
  Source: Microsoft-Windows-Hyper-V-VmSwitch
  Date: 2026-09-21T20:43:11.4880000Z
  Event ID: 102
  Task: N/A
  Level: Information
  Opcode: Info
  Keyword: N/A
  User: S-1-5-83-1-1766231237-1176214724-2066245000-2344587314
  User Name: NT VIRTUAL MACHINE\69468CC5-9CC4-461B-8865-287B3290BF8B
  Computer: bytesize
  Description: 
Networking driver in 69468CC5-9CC4-461B-8865-287B3290BF8B is loaded and the protocol version is negotiated to the most recent version (Virtual machine ID 69468CC5-9CC4-461B-8865-287B3290BF8B).

Event[46]
  Log Name: System
  Source: Microsoft-Windows-Hyper-V-VmSwitch
  Date: 2026-09-21T20:43:11.2780000Z
  Event ID: 291
  Task: N/A
  Level: Information
  Opcode: Info
  Keyword: N/A
  User: S-1-5-18
  User Name: NT AUTHORITY\SYSTEM
  Computer: bytesize
  Description: 
RSC offload modified for NIC 69468CC5-9CC4-461B-8865-287B3290BF8B--D7AF0035-0366-4D6E-8052-B6FBF06010BF (Friendly Name: ) Previous IPv4: Disabled, Current IPv4: Enabled, Previous IPv6: Disabled, Current IPv6: Enabled. Reason: RSC OID

Event[47]
  Log Name: System
  Source: Microsoft-Windows-Hyper-V-VmSwitch
  Date: 2026-09-21T20:43:11.2780000Z
  Event ID: 291
  Task: N/A
  Level: Information
  Opcode: Info
  Keyword: N/A
  User: N/A
  User Name: N/A
  Computer: bytesize
  Description: 
RSC offload modified for NIC 69468CC5-9CC4-461B-8865-287B3290BF8B--D7AF0035-0366-4D6E-8052-B6FBF06010BF (Friendly Name: ) Previous IPv4: Disabled, Current IPv4: Disabled, Previous IPv6: Disabled, Current IPv6: Disabled. Reason: NIC connect

Event[48]
  Log Name: System
  Source: Microsoft-Windows-Hyper-V-VmSwitch
  Date: 2026-09-21T20:43:11.2720000Z
  Event ID: 102
  Task: N/A
  Level: Information
  Opcode: Info
  Keyword: N/A
  User: S-1-5-83-1-1766231237-1176214724-2066245000-2344587314
  User Name: NT VIRTUAL MACHINE\69468CC5-9CC4-461B-8865-287B3290BF8B
  Computer: bytesize
  Description: 
Networking driver in 69468CC5-9CC4-461B-8865-287B3290BF8B is loaded and the protocol version is negotiated to the most recent version (Virtual machine ID 69468CC5-9CC4-461B-8865-287B3290BF8B).

Event[49]
  Log Name: System
  Source: Microsoft-Windows-Hyper-V-VmSwitch
  Date: 2026-09-21T20:43:11.2720000Z
  Event ID: 232
  Task: N/A
  Level: Information
  Opcode: Info
  Keyword: N/A
  User: S-1-5-83-1-1766231237-1176214724-2066245000-2344587314
  User Name: NT VIRTUAL MACHINE\69468CC5-9CC4-461B-8865-287B3290BF8B
  Computer: bytesize
  Description: 
NIC 69468CC5-9CC4-461B-8865-287B3290BF8B--D7AF0035-0366-4D6E-8052-B6FBF06010BF (Friendly Name: ) successfully connected to port D7AF0035-0366-4D6E-8052-B6FBF06010BF (Friendly Name: D7AF0035-0366-4D6E-8052-B6FBF06010BF) on switch 790E58B4-7939-4434-9358-89AE7DDBE87E(Friendly Name: WSL (Hyper-V firewall)).

Event[50]
  Log Name: System
  Source: Microsoft-Windows-Hyper-V-VmSwitch
  Date: 2026-09-21T20:43:11.2690000Z
  Event ID: 233
  Task: N/A
  Level: Information
  Opcode: Info
  Keyword: N/A
  User: S-1-5-83-1-1766231237-1176214724-2066245000-2344587314
  User Name: NT VIRTUAL MACHINE\69468CC5-9CC4-461B-8865-287B3290BF8B
  Computer: bytesize
  Description: 
The operation 'Create' succeeded on nic 69468CC5-9CC4-461B-8865-287B3290BF8B--D7AF0035-0366-4D6E-8052-B6FBF06010BF (Friendly Name: ), Instance Id {00000000-0000-0000-0000-000000000000}.

Event[51]
  Log Name: System
  Source: Microsoft-Windows-Hyper-V-VmSwitch
  Date: 2026-09-21T20:43:11.2690000Z
  Event ID: 291
  Task: N/A
  Level: Information
  Opcode: Info
  Keyword: N/A
  User: S-1-5-83-1-1766231237-1176214724-2066245000-2344587314
  User Name: NT VIRTUAL MACHINE\69468CC5-9CC4-461B-8865-287B3290BF8B
  Computer: bytesize
  Description: 
RSC offload modified for NIC 69468CC5-9CC4-461B-8865-287B3290BF8B--D7AF0035-0366-4D6E-8052-B6FBF06010BF (Friendly Name: ) Previous IPv4: Disabled, Current IPv4: Disabled, Previous IPv6: Disabled, Current IPv6: Disabled. Reason: NIC create

Event[52]
  Log Name: System
  Source: Microsoft-Windows-Hyper-V-VmSwitch
  Date: 2026-09-21T20:43:11.2630000Z
  Event ID: 67
  Task: N/A
  Level: Information
  Opcode: Info
  Keyword: N/A
  User: S-1-5-18
  User Name: NT AUTHORITY\SYSTEM
  Computer: bytesize
  Description: 
Port D7AF0035-0366-4D6E-8052-B6FBF06010BF (Friendly Name: D7AF0035-0366-4D6E-8052-B6FBF06010BF) successfully created on switch 790E58B4-7939-4434-9358-89AE7DDBE87E (Friendly Name: WSL (Hyper-V firewall)).

Event[53]
  Log Name: System
  Source: Microsoft-Windows-Hyper-V-VmSwitch
  Date: 2026-09-21T20:43:11.2630000Z
  Event ID: 292
  Task: N/A
  Level: Information
  Opcode: Info
  Keyword: N/A
  User: N/A
  User Name: N/A
  Computer: bytesize
  Description: 
RSC offload modified for Port D7AF0035-0366-4D6E-8052-B6FBF06010BF (Friendly Name: D7AF0035-0366-4D6E-8052-B6FBF06010BF) Previous: Disabled, Current: Enabled. Reason: Port create

Event[54]
  Log Name: System
  Source: Microsoft-Windows-Hyper-V-VmSwitch
  Date: 2026-09-21T20:43:11.2170000Z
  Event ID: 232
  Task: N/A
  Level: Information
  Opcode: Info
  Keyword: N/A
  User: S-1-5-18
  User Name: NT AUTHORITY\SYSTEM
  Computer: bytesize
  Description: 
NIC 790E58B4-7939-4434-9358-89AE7DDBE87F (Friendly Name: WSL (Hyper-V firewall)) successfully connected to port 790E58B4-7939-4434-9358-89AE7DDBE87F (Friendly Name: Host Vnic 790E58B4-7939-4434-9358-89AE7DDBE87E) on switch 790E58B4-7939-4434-9358-89AE7DDBE87E(Friendly Name: WSL (Hyper-V firewall)).

Event[55]
  Log Name: System
  Source: Microsoft-Windows-Hyper-V-VmSwitch
  Date: 2026-09-21T20:43:11.2030000Z
  Event ID: 291
  Task: N/A
  Level: Information
  Opcode: Info
  Keyword: N/A
  User: S-1-5-18
  User Name: NT AUTHORITY\SYSTEM
  Computer: bytesize
  Description: 
RSC offload modified for NIC 790E58B4-7939-4434-9358-89AE7DDBE87F (Friendly Name: WSL (Hyper-V firewall)) Previous IPv4: Enabled, Current IPv4: Enabled, Previous IPv6: Enabled, Current IPv6: Enabled. Reason: RSC OID

Event[56]
  Log Name: System
  Source: Microsoft-Windows-Hyper-V-VmSwitch
  Date: 2026-09-21T20:43:11.2030000Z
  Event ID: 291
  Task: N/A
  Level: Information
  Opcode: Info
  Keyword: N/A
  User: S-1-5-18
  User Name: NT AUTHORITY\SYSTEM
  Computer: bytesize
  Description: 
RSC offload modified for NIC 790E58B4-7939-4434-9358-89AE7DDBE87F (Friendly Name: WSL (Hyper-V firewall)) Previous IPv4: Disabled, Current IPv4: Enabled, Previous IPv6: Disabled, Current IPv6: Enabled. Reason: RSC OID

Event[57]
  Log Name: System
  Source: Microsoft-Windows-Hyper-V-VmSwitch
  Date: 2026-09-21T20:43:11.2000000Z
  Event ID: 7
  Task: N/A
  Level: Information
  Opcode: Info
  Keyword: N/A
  User: S-1-5-18
  User Name: NT AUTHORITY\SYSTEM
  Computer: bytesize
  Description: 
Miniport NIC 790E58B4-7939-4434-9358-89AE7DDBE87F (Friendly Name: WSL (Hyper-V firewall)) successfully initialized.

Event[58]
  Log Name: System
  Source: Microsoft-Windows-Hyper-V-VmSwitch
  Date: 2026-09-21T20:43:11.2000000Z
  Event ID: 291
  Task: N/A
  Level: Information
  Opcode: Info
  Keyword: N/A
  User: S-1-5-18
  User Name: NT AUTHORITY\SYSTEM
  Computer: bytesize
  Description: 
RSC offload modified for NIC 790E58B4-7939-4434-9358-89AE7DDBE87F (Friendly Name: WSL (Hyper-V firewall)) Previous IPv4: Disabled, Current IPv4: Disabled, Previous IPv6: Disabled, Current IPv6: Disabled. Reason: NIC start

Event[59]
  Log Name: System
  Source: Microsoft-Windows-Hyper-V-VmSwitch
  Date: 2026-09-21T20:43:11.1990000Z
  Event ID: 233
  Task: N/A
  Level: Information
  Opcode: Info
  Keyword: N/A
  User: S-1-5-18
  User Name: NT AUTHORITY\SYSTEM
  Computer: bytesize
  Description: 
The operation 'Create' succeeded on nic 790E58B4-7939-4434-9358-89AE7DDBE87F (Friendly Name: WSL (Hyper-V firewall)), Instance Id {00000000-0000-0000-0000-000000000000}.

Event[60]
  Log Name: System
  Source: Microsoft-Windows-Hyper-V-VmSwitch
  Date: 2026-09-21T20:43:11.1990000Z
  Event ID: 291
  Task: N/A
  Level: Information
  Opcode: Info
  Keyword: N/A
  User: S-1-5-18
  User Name: NT AUTHORITY\SYSTEM
  Computer: bytesize
  Description: 
RSC offload modified for NIC 790E58B4-7939-4434-9358-89AE7DDBE87F (Friendly Name: WSL (Hyper-V firewall)) Previous IPv4: Disabled, Current IPv4: Disabled, Previous IPv6: Disabled, Current IPv6: Disabled. Reason: NIC create

Event[61]
  Log Name: System
  Source: Microsoft-Windows-Hyper-V-VmSwitch
  Date: 2026-09-21T20:43:11.1500000Z
  Event ID: 264
  Task: N/A
  Level: Information
  Opcode: Info
  Keyword: N/A
  User: S-1-5-18
  User Name: NT AUTHORITY\SYSTEM
  Computer: bytesize
  Description: 
Internal or External Port 790E58B4-7939-4434-9358-89AE7DDBE87F (Friendly Name: Host Vnic 790E58B4-7939-4434-9358-89AE7DDBE87E) successfully created on switch 790E58B4-7939-4434-9358-89AE7DDBE87E (Friendly Name: WSL (Hyper-V firewall)).

Event[62]
  Log Name: System
  Source: Microsoft-Windows-Hyper-V-VmSwitch
  Date: 2026-09-21T20:43:11.1500000Z
  Event ID: 292
  Task: N/A
  Level: Information
  Opcode: Info
  Keyword: N/A
  User: N/A
  User Name: N/A
  Computer: bytesize
  Description: 
RSC offload modified for Port 790E58B4-7939-4434-9358-89AE7DDBE87F (Friendly Name: Host Vnic 790E58B4-7939-4434-9358-89AE7DDBE87E) Previous: Disabled, Current: Enabled. Reason: Port create

Event[63]
  Log Name: System
  Source: VfpExt
  Date: 2026-09-21T20:43:11.1170000Z
  Event ID: 7036
  Task: None
  Level: Information
  Opcode: N/A
  Keyword: Classic,
  User: N/A
  User Name: N/A
  Computer: bytesize
  Description: 
The  service entered the Filter restart complete state.

Event[64]
  Log Name: System
  Source: VfpExt
  Date: 2026-09-21T20:43:11.1170000Z
  Event ID: 7036
  Task: None
  Level: Information
  Opcode: N/A
  Keyword: Classic,
  User: N/A
  User Name: N/A
  Computer: bytesize
  Description: 
The  service entered the Filter restart start state.

Event[65]
  Log Name: System
  Source: VfpExt
  Date: 2026-09-21T20:43:11.1170000Z
  Event ID: 7036
  Task: None
  Level: Information
  Opcode: N/A
  Keyword: Classic,
  User: N/A
  User Name: N/A
  Computer: bytesize
  Description: 
The  service entered the Filter attach complete state.

Event[66]
  Log Name: System
  Source: VfpExt
  Date: 2026-09-21T20:43:11.1170000Z
  Event ID: 7036
  Task: None
  Level: Information
  Opcode: N/A
  Keyword: Classic,
  User: N/A
  User Name: N/A
  Computer: bytesize
  Description: 
The  service entered the Filter attach start state.

Event[67]
  Log Name: System
  Source: Microsoft-Windows-Hyper-V-VmSwitch
  Date: 2026-09-21T20:43:11.0810000Z
  Event ID: 9
  Task: N/A
  Level: Information
  Opcode: Info
  Keyword: N/A
  User: S-1-5-18
  User Name: NT AUTHORITY\SYSTEM
  Computer: bytesize
  Description: 
Switch 790E58B4-7939-4434-9358-89AE7DDBE87E (Friendly Name: WSL (Hyper-V firewall)) successfully initialized.

Event[68]
  Log Name: System
  Source: Microsoft-Windows-Hyper-V-VmSwitch
  Date: 2026-09-21T20:43:11.0810000Z
  Event ID: 232
  Task: N/A
  Level: Information
  Opcode: Info
  Keyword: N/A
  User: S-1-5-18
  User Name: NT AUTHORITY\SYSTEM
  Computer: bytesize
  Description: 
NIC 790E58B4-7939-4434-9358-89AE7DDBE87E (Friendly Name: WSL (Hyper-V firewall)) successfully connected to port 790E58B4-7939-4434-9358-89AE7DDBE87E (Friendly Name: WSL (Hyper-V firewall)) on switch 790E58B4-7939-4434-9358-89AE7DDBE87E(Friendly Name: WSL (Hyper-V firewall)).

Event[69]
  Log Name: System
  Source: Microsoft-Windows-Hyper-V-VmSwitch
  Date: 2026-09-21T20:43:11.0810000Z
  Event ID: 233
  Task: N/A
  Level: Information
  Opcode: Info
  Keyword: N/A
  User: S-1-5-18
  User Name: NT AUTHORITY\SYSTEM
  Computer: bytesize
  Description: 
The operation 'Create' succeeded on nic 790E58B4-7939-4434-9358-89AE7DDBE87E (Friendly Name: WSL (Hyper-V firewall)), Instance Id {00000000-0000-0000-0000-000000000000}.

Event[70]
  Log Name: System
  Source: Microsoft-Windows-Hyper-V-VmSwitch
  Date: 2026-09-21T20:43:11.0810000Z
  Event ID: 291
  Task: N/A
  Level: Information
  Opcode: Info
  Keyword: N/A
  User: S-1-5-18
  User Name: NT AUTHORITY\SYSTEM
  Computer: bytesize
  Description: 
RSC offload modified for NIC 790E58B4-7939-4434-9358-89AE7DDBE87E (Friendly Name: WSL (Hyper-V firewall)) Previous IPv4: Disabled, Current IPv4: Disabled, Previous IPv6: Disabled, Current IPv6: Disabled. Reason: NIC create

Event[71]
  Log Name: System
  Source: Microsoft-Windows-Hyper-V-VmSwitch
  Date: 2026-09-21T20:43:11.0810000Z
  Event ID: 67
  Task: N/A
  Level: Information
  Opcode: Info
  Keyword: N/A
  User: S-1-5-18
  User Name: NT AUTHORITY\SYSTEM
  Computer: bytesize
  Description: 
Port 790E58B4-7939-4434-9358-89AE7DDBE87E (Friendly Name: WSL (Hyper-V firewall)) successfully created on switch 790E58B4-7939-4434-9358-89AE7DDBE87E (Friendly Name: WSL (Hyper-V firewall)).

Event[72]
  Log Name: System
  Source: Microsoft-Windows-Hyper-V-VmSwitch
  Date: 2026-09-21T20:43:11.0810000Z
  Event ID: 292
  Task: N/A
  Level: Information
  Opcode: Info
  Keyword: N/A
  User: N/A
  User Name: N/A
  Computer: bytesize
  Description: 
RSC offload modified for Port 790E58B4-7939-4434-9358-89AE7DDBE87E (Friendly Name: WSL (Hyper-V firewall)) Previous: Disabled, Current: Enabled. Reason: Port create

Event[73]
  Log Name: System
  Source: Service Control Manager
  Date: 2026-09-21T20:42:21.1120000Z
  Event ID: 7040
  Task: N/A
  Level: Information
  Opcode: N/A
  Keyword: Classic,
  User: S-1-5-18
  User Name: NT AUTHORITY\SYSTEM
  Computer: bytesize
  Description: 
The start type of the Background Intelligent Transfer Service service was changed from auto start to demand start.

Event[74]
  Log Name: System
  Source: Microsoft-Windows-DistributedCOM
  Date: 2026-09-21T20:40:23.1580000Z
  Event ID: 10016
  Task: N/A
  Level: Warning
  Opcode: Info
  Keyword: Classic,
  User: S-1-5-18
  User Name: NT AUTHORITY\SYSTEM
  Computer: bytesize
  Description: 
The application-specific permission settings do not grant Local Launch permission for the COM Server application with CLSID 
Windows.SecurityCenter.WscDataProtection
 and APPID 
Unavailable
 to the user NT AUTHORITY\SYSTEM SID (S-1-5-18) from address LocalHost (Using LRPC) running in the application container Unavailable SID (Unavailable). This security permission can be modified using the Component Services administrative tool.

Event[75]
  Log Name: System
  Source: Microsoft-Windows-DistributedCOM
  Date: 2026-09-21T20:40:23.1580000Z
  Event ID: 10016
  Task: N/A
  Level: Warning
  Opcode: Info
  Keyword: Classic,
  User: S-1-5-18
  User Name: NT AUTHORITY\SYSTEM
  Computer: bytesize
  Description: 
The application-specific permission settings do not grant Local Launch permission for the COM Server application with CLSID 
Windows.SecurityCenter.SecurityAppBroker
 and APPID 
Unavailable
 to the user NT AUTHORITY\SYSTEM SID (S-1-5-18) from address LocalHost (Using LRPC) running in the application container Unavailable SID (Unavailable). This security permission can be modified using the Component Services administrative tool.

Event[76]
  Log Name: System
  Source: Microsoft-Windows-Time-Service
  Date: 2026-09-21T20:40:22.8120000Z
  Event ID: 158
  Task: N/A
  Level: Information
  Opcode: Info
  Keyword: N/A
  User: S-1-5-19
  User Name: NT AUTHORITY\LOCAL SERVICE
  Computer: bytesize
  Description: 
The time provider 'VMICTimeProvider' has indicated that the current hardware and operating environment is not supported and has stopped. This behavior is expected for VMICTimeProvider on non-HyperV-guest environments. This may be the expected behavior for the current provider in the current operating environment as well.

Event[77]
  Log Name: System
  Source: Service Control Manager
  Date: 2026-09-21T20:39:17.1040000Z
  Event ID: 7040
  Task: N/A
  Level: Information
  Opcode: N/A
  Keyword: Classic,
  User: S-1-5-18
  User Name: NT AUTHORITY\SYSTEM
  Computer: bytesize
  Description: 
The start type of the IsolationSession service was changed from auto start to demand start.

Event[78]
  Log Name: System
  Source: Service Control Manager
  Date: 2026-09-21T20:38:53.7960000Z
  Event ID: 7045
  Task: N/A
  Level: Information
  Opcode: N/A
  Keyword: Classic,
  User: S-1-5-18
  User Name: NT AUTHORITY\SYSTEM
  Computer: bytesize
  Description: 
A service was installed in the system.

Service Name:  LGHUB Updater Service
Service File Name:  "C:\Program Files\LGHUB\lghub_updater.exe" --run-as-service
Service Type:  user mode service
Service Start Type:  auto start
Service Account:  LocalSystem

Event[79]
  Log Name: System
  Source: Microsoft-Windows-Kernel-General
  Date: 2026-09-21T20:38:47.1770000Z
  Event ID: 16
  Task: N/A
  Level: Information
  Opcode: Info
  Keyword: N/A
  User: S-1-5-21-1248474492-353222844-313711633-1001
  User Name: bytesize\bradr
  Computer: bytesize
  Description: 
The access history in hive \??\C:\Users\bradr\AppData\Local\Packages\Microsoft.StartExperiencesApp_8wekyb3d8bbwe\Settings\settings.dat was cleared updating 1 keys and creating 1 modified pages.

Event[80]
  Log Name: System
  Source: Service Control Manager
  Date: 2026-09-21T20:38:46.5020000Z
  Event ID: 7009
  Task: N/A
  Level: Error
  Opcode: N/A
  Keyword: Classic,
  User: N/A
  User Name: N/A
  Computer: bytesize
  Description: 
A timeout was reached (30000 milliseconds) while waiting for the Intel(R) SUR QC Software Asset Manager service to connect.

Event[81]
  Log Name: System
  Source: HidBth
  Date: 2026-09-21T20:38:42.5990000Z
  Event ID: 2
  Task: None
  Level: Warning
  Opcode: N/A
  Keyword: Classic,
  User: N/A
  User Name: N/A
  Computer: bytesize
  Description: 
Bluetooth HID device  either went out of range or became unresponsive.

Event[82]
  Log Name: System
  Source: Microsoft-Windows-Configuration-Change-Monitor
  Date: 2026-09-21T20:38:41.6540000Z
  Event ID: 1
  Task: N/A
  Level: Information
  Opcode: Info
  Keyword: N/A
  User: S-1-5-18
  User Name: NT AUTHORITY\SYSTEM
  Computer: bytesize
  Description: 
N/A

Event[83]
  Log Name: System
  Source: Microsoft-Windows-DNS-Client
  Date: 2026-09-21T20:38:41.6300000Z
  Event ID: 1012
  Task: N/A
  Level: Error
  Opcode: Info
  Keyword: N/A
  User: S-1-5-20
  User Name: NT AUTHORITY\NETWORK SERVICE
  Computer: bytesize
  Description: 
There was an error while attempting to read the local hosts file.

Event[84]
  Log Name: System
  Source: Microsoft-Windows-Configuration-Change-Monitor
  Date: 2026-09-21T20:38:41.6150000Z
  Event ID: 1
  Task: N/A
  Level: Information
  Opcode: Info
  Keyword: N/A
  User: S-1-5-18
  User Name: NT AUTHORITY\SYSTEM
  Computer: bytesize
  Description: 
N/A

Event[85]
  Log Name: System
  Source: Service Control Manager
  Date: 2026-09-21T20:38:36.1440000Z
  Event ID: 7045
  Task: N/A
  Level: Information
  Opcode: N/A
  Keyword: Classic,
  User: S-1-5-18
  User Name: NT AUTHORITY\SYSTEM
  Computer: bytesize
  Description: 
A service was installed in the system.

Service Name:  IOMap
Service File Name:  C:\WINDOWS\system32\drivers\IOMap64.sys
Service Type:  kernel mode driver
Service Start Type:  demand start
Service Account:  

Event[86]
  Log Name: System
  Source: Microsoft-Windows-HttpService
  Date: 2026-09-21T20:38:32.9840000Z
  Event ID: 113
  Task: HTTP Configuration Property Trace Task
  Level: Information
  Opcode: AddUrl
  Keyword: Flagged on all HTTP events triggered on a URL group,
  User: S-1-5-18
  User Name: NT AUTHORITY\SYSTEM
  Computer: bytesize
  Description: 
Attempted to add URL (http://localhost:5426/) to URL group (0xFE00000420000001). Status: 0x0. Process Id 0x38D4 Executable path \Device\HarddiskVolume3\Program Files (x86)\Razer\Synapse3\Service\Razer Synapse Service.exe, User S-1-5-18

Event[87]
  Log Name: System
  Source: Microsoft-Windows-HttpService
  Date: 2026-09-21T20:38:32.9840000Z
  Event ID: 111
  Task: HTTP Configuration Property Trace Task
  Level: Information
  Opcode: AddUrl
  Keyword: Flagged on all HTTP events triggered on a URL group,
  User: S-1-5-18
  User Name: NT AUTHORITY\SYSTEM
  Computer: bytesize
  Description: 
Create URL group 0xFE00000420000001. Status 0x0. Process Id 0x38D4 Executable path \Device\HarddiskVolume3\Program Files (x86)\Razer\Synapse3\Service\Razer Synapse Service.exe, User S-1-5-18

Event[88]
  Log Name: System
  Source: Microsoft-Windows-TPM-WMI
  Date: 2026-09-21T20:38:25.9880000Z
  Event ID: 1025
  Task: N/A
  Level: Information
  Opcode: Info
  Keyword: N/A
  User: S-1-5-18
  User Name: NT AUTHORITY\SYSTEM
  Computer: bytesize
  Description: 
The TPM was successfully provisioned and is now ready for use.

Event[89]
  Log Name: System
  Source: TPM
  Date: 2026-09-21T20:38:25.4730000Z
  Event ID: 17
  Task: N/A
  Level: Information
  Opcode: Info
  Keyword: N/A
  User: S-1-5-18
  User Name: NT AUTHORITY\SYSTEM
  Computer: bytesize
  Description: 
The Trusted Platform Module (TPM) hardware failed to execute a TPM command.

Event[90]
  Log Name: System
  Source: TPM
  Date: 2026-09-21T20:38:25.3050000Z
  Event ID: 17
  Task: N/A
  Level: Information
  Opcode: Info
  Keyword: N/A
  User: S-1-5-18
  User Name: NT AUTHORITY\SYSTEM
  Computer: bytesize
  Description: 
The Trusted Platform Module (TPM) hardware failed to execute a TPM command.

Event[91]
  Log Name: System
  Source: Microsoft-Windows-TPM-WMI
  Date: 2026-09-21T20:38:24.7850000Z
  Event ID: 1282
  Task: N/A
  Level: Information
  Opcode: Info
  Keyword: N/A
  User: S-1-5-18
  User Name: NT AUTHORITY\SYSTEM
  Computer: bytesize
  Description: 
The TBS device identifier has been generated.

Event[92]
  Log Name: System
  Source: Microsoft-Windows-TPM-WMI
  Date: 2026-09-21T20:38:18.9900000Z
  Event ID: 1038
  Task: N/A
  Level: Information
  Opcode: Info
  Keyword: N/A
  User: S-1-5-18
  User Name: NT AUTHORITY\SYSTEM
  Computer: bytesize
  Description: 
Pre-attestation health checks confirm that the device is expected to pass attestation.
 Please see C:\WINDOWS\Logs\MeasuredBoot\0000000454-0000000000.json for detailed information on what checks were made.

Event[93]
  Log Name: System
  Source: Microsoft-Windows-TPM-WMI
  Date: 2026-09-21T20:38:18.9900000Z
  Event ID: 1041
  Task: N/A
  Level: Information
  Opcode: Info
  Keyword: N/A
  User: S-1-5-18
  User Name: NT AUTHORITY\SYSTEM
  Computer: bytesize
  Description: 
Pre-attestation health check detailed information: {"Version":2,"HealthStatus":"Attestable","Required":[{"Field":"TpmPresent","Value":true,"DesiredValue":true},{"Field":"TpmMeetsMinimumVersion","Value":true,"DesiredValue":true},{"Field":"TpmIsResponsive","Value":true,"DesiredValue":true},{"Field":"EkCertIsAvailable","Value":true,"DesiredValue":true},{"Field":"TcgLogFound","Value":true,"DesiredValue":true}],"Expected":[{"Field":"PcrsMatchTcgLog","Value":true,"DesiredValue":true}],"Informational":[{"Field":"SecureBootEnabled","ValueFromComputer":false,"ValueFromTcgLog":false,"DesiredValue":true,"TcgValueIsVerifiable":true},{"Field":"VirtualSecureMemory","ValueFromComputer":false,"ValueFromTcgLog":false,"DesiredValue":true,"TcgValueIsVerifiable":true},{"Field":"SecureCorePCCompliant","ValueFromComputer":false,"ValueFromTcgLog":false,"DesiredValue":true,"TcgValueIsVerifiable":true},{"Field":"MostRecentBootTcgLogFoundInFileSystem","Value":true,"DesiredValue":true},{"Field":"CurrentTcgLogFoundInFileSystem","Value":true,"DesiredValue":true},{"Field":"EkCertRsa2048IsAvailable","Value":true,"DesiredValue":true},{"Field":"EkCertEccP256IsAvailable","Value":true,"DesiredValue":true},{"Field":"EkCertEccP384IsAvailable","Value":true,"DesiredValue":true},{"Field":"WindowsAikCertRsa2048IsAvailable","Value":true,"DesiredValue":true},{"Field":"WindowsAikCertEccP256IsAvailable","Value":true,"DesiredValue":true},{"Field":"WindowsAikCertEccP384IsAvailable","Value":true,"DesiredValue":true}]}

Event[94]
  Log Name: System
  Source: Microsoft-Windows-HttpService
  Date: 2026-09-21T20:38:18.8450000Z
  Event ID: 113
  Task: HTTP Configuration Property Trace Task
  Level: Information
  Opcode: AddUrl
  Keyword: Flagged on all HTTP events triggered on a URL group,
  User: S-1-5-19
  User Name: NT AUTHORITY\LOCAL SERVICE
  Computer: bytesize
  Description: 
Attempted to add URL (http://*:5357/0d9ff7b2-1461-45ec-9ed6-238eeff9f9ed/) to URL group (0xFE00000E20000001). Status: 0x0. Process Id 0xF64 Executable path \Device\HarddiskVolume3\Windows\System32\svchost.exe, User S-1-5-19

Event[95]
  Log Name: System
  Source: Microsoft-Windows-HttpService
  Date: 2026-09-21T20:38:18.8440000Z
  Event ID: 111
  Task: HTTP Configuration Property Trace Task
  Level: Information
  Opcode: AddUrl
  Keyword: Flagged on all HTTP events triggered on a URL group,
  User: S-1-5-19
  User Name: NT AUTHORITY\LOCAL SERVICE
  Computer: bytesize
  Description: 
Create URL group 0xFE00000E20000001. Status 0x0. Process Id 0xF64 Executable path \Device\HarddiskVolume3\Windows\System32\svchost.exe, User S-1-5-19

Event[96]
  Log Name: System
  Source: Microsoft-Windows-Configuration-Change-Monitor
  Date: 2026-09-21T20:38:18.8280000Z
  Event ID: 1
  Task: N/A
  Level: Information
  Opcode: Info
  Keyword: N/A
  User: S-1-5-18
  User Name: NT AUTHORITY\SYSTEM
  Computer: bytesize
  Description: 
N/A

Event[97]
  Log Name: System
  Source: Microsoft-Windows-Configuration-Change-Monitor
  Date: 2026-09-21T20:38:18.7710000Z
  Event ID: 1
  Task: N/A
  Level: Information
  Opcode: Info
  Keyword: N/A
  User: S-1-5-18
  User Name: NT AUTHORITY\SYSTEM
  Computer: bytesize
  Description: 
N/A

Event[98]
  Log Name: System
  Source: Microsoft-Windows-Configuration-Change-Monitor
  Date: 2026-09-21T20:38:18.7140000Z
  Event ID: 1
  Task: N/A
  Level: Information
  Opcode: Info
  Keyword: N/A
  User: S-1-5-18
  User Name: NT AUTHORITY\SYSTEM
  Computer: bytesize
  Description: 
N/A

Event[99]
