  Log Name: System
  Source: Microsoft-Windows-Hyper-V-VmSwitch
  Date: 2026-09-21T20:38:18.7000000Z
  Event ID: 233
  Task: N/A
  Level: Information
  Opcode: Info
  Keyword: N/A
  User: S-1-5-18
  User Name: NT AUTHORITY\SYSTEM
  Computer: bytesize
  Description: 
The operation 'Delete' succeeded on nic 790E58B4-7939-4434-9358-89AE7DDBE87F (Friendly Name: WSL (Hyper-V firewall)), Instance Id {37d23762-72ef-4515-a6f2-7941e600960f}.

Event[100]
  Log Name: System
  Source: Microsoft-Windows-Hyper-V-VmSwitch
  Date: 2026-09-21T20:38:18.6270000Z
  Event ID: 62
  Task: N/A
  Level: Information
  Opcode: Info
  Keyword: N/A
  User: S-1-5-18
  User Name: NT AUTHORITY\SYSTEM
  Computer: bytesize
  Description: 
Switch 790E58B4-7939-4434-9358-89AE7DDBE87E (Friendly Name: WSL (Hyper-V firewall)) successfully deleted.

Event[101]
  Log Name: System
  Source: Microsoft-Windows-Hyper-V-VmSwitch
  Date: 2026-09-21T20:38:18.6260000Z
  Event ID: 233
  Task: N/A
  Level: Information
  Opcode: Info
  Keyword: N/A
  User: S-1-5-18
  User Name: NT AUTHORITY\SYSTEM
  Computer: bytesize
  Description: 
The operation 'Delete' succeeded on nic 790E58B4-7939-4434-9358-89AE7DDBE87E (Friendly Name: WSL (Hyper-V firewall)), Instance Id {00000000-0000-0000-0000-000000000000}.

Event[102]
  Log Name: System
  Source: Microsoft-Windows-Hyper-V-VmSwitch
  Date: 2026-09-21T20:38:18.6260000Z
  Event ID: 71
  Task: N/A
  Level: Information
  Opcode: Info
  Keyword: N/A
  User: S-1-5-18
  User Name: NT AUTHORITY\SYSTEM
  Computer: bytesize
  Description: 
Delete complete for port 790E58B4-7939-4434-9358-89AE7DDBE87E (Friendly Name: WSL (Hyper-V firewall)).

Event[103]
  Log Name: System
  Source: Microsoft-Windows-Hyper-V-VmSwitch
  Date: 2026-09-21T20:38:18.6260000Z
  Event ID: 71
  Task: N/A
  Level: Information
  Opcode: Info
  Keyword: N/A
  User: S-1-5-18
  User Name: NT AUTHORITY\SYSTEM
  Computer: bytesize
  Description: 
Delete complete for port 790E58B4-7939-4434-9358-89AE7DDBE87F (Friendly Name: Host Vnic 790E58B4-7939-4434-9358-89AE7DDBE87E).

Event[104]
  Log Name: System
  Source: Microsoft-Windows-Hyper-V-VmSwitch
  Date: 2026-09-21T20:38:18.6260000Z
  Event ID: 69
  Task: N/A
  Level: Information
  Opcode: Info
  Keyword: N/A
  User: S-1-5-18
  User Name: NT AUTHORITY\SYSTEM
  Computer: bytesize
  Description: 
Port 790E58B4-7939-4434-9358-89AE7DDBE87F (Friendly Name: Host Vnic 790E58B4-7939-4434-9358-89AE7DDBE87E) successfully deleted - switch 790E58B4-7939-4434-9358-89AE7DDBE87E (Friendly Name: WSL (Hyper-V firewall)).

Event[105]
  Log Name: System
  Source: Microsoft-Windows-Hyper-V-VmSwitch
  Date: 2026-09-21T20:38:18.6260000Z
  Event ID: 234
  Task: N/A
  Level: Information
  Opcode: Info
  Keyword: N/A
  User: S-1-5-18
  User Name: NT AUTHORITY\SYSTEM
  Computer: bytesize
  Description: 
NIC 790E58B4-7939-4434-9358-89AE7DDBE87F successfully disconnected from port 790E58B4-7939-4434-9358-89AE7DDBE87F.

Event[106]
  Log Name: System
  Source: Microsoft-Windows-Hyper-V-VmSwitch
  Date: 2026-09-21T20:38:18.6050000Z
  Event ID: 69
  Task: N/A
  Level: Information
  Opcode: Info
  Keyword: N/A
  User: S-1-5-18
  User Name: NT AUTHORITY\SYSTEM
  Computer: bytesize
  Description: 
Port 790E58B4-7939-4434-9358-89AE7DDBE87E (Friendly Name: WSL (Hyper-V firewall)) successfully deleted - switch 790E58B4-7939-4434-9358-89AE7DDBE87E (Friendly Name: WSL (Hyper-V firewall)).

Event[107]
  Log Name: System
  Source: Microsoft-Windows-Hyper-V-VmSwitch
  Date: 2026-09-21T20:38:18.6050000Z
  Event ID: 234
  Task: N/A
  Level: Information
  Opcode: Info
  Keyword: N/A
  User: S-1-5-18
  User Name: NT AUTHORITY\SYSTEM
  Computer: bytesize
  Description: 
NIC 790E58B4-7939-4434-9358-89AE7DDBE87E successfully disconnected from port 790E58B4-7939-4434-9358-89AE7DDBE87E.

Event[108]
  Log Name: System
  Source: Microsoft-Windows-FilterManager
  Date: 2026-09-21T20:38:16.5660000Z
  Event ID: 6
  Task: N/A
  Level: Information
  Opcode: Info
  Keyword: N/A
  User: S-1-5-18
  User Name: NT AUTHORITY\SYSTEM
  Computer: bytesize
  Description: 
File System Filter 'gameflt' (10.0, ?2047?-?06?-?13T03:32:47.000000000Z) has successfully loaded and registered with Filter Manager.

Event[109]
  Log Name: System
  Source: TPM
  Date: 2026-09-21T20:38:16.4610000Z
  Event ID: 18
  Task: N/A
  Level: Information
  Opcode: Info
  Keyword: N/A
  User: S-1-5-18
  User Name: NT AUTHORITY\SYSTEM
  Computer: bytesize
  Description: 
This event triggers the Trusted Platform Module (TPM) provisioning/status check to run.

Event[110]
  Log Name: System
  Source: Service Control Manager
  Date: 2026-09-21T20:38:16.4550000Z
  Event ID: 7026
  Task: N/A
  Level: Information
  Opcode: N/A
  Keyword: Classic,
  User: N/A
  User Name: N/A
  Computer: bytesize
  Description: 
The following boot-start or system-start driver(s) did not load: 
dam

Event[111]
  Log Name: System
  Source: Service Control Manager
  Date: 2026-09-21T20:38:16.1450000Z
  Event ID: 7040
  Task: N/A
  Level: Information
  Opcode: N/A
  Keyword: Classic,
  User: S-1-5-18
  User Name: NT AUTHORITY\SYSTEM
  Computer: bytesize
  Description: 
The start type of the IsolationSession service was changed from demand start to auto start.

Event[112]
  Log Name: System
  Source: Microsoft-Windows-WLAN-AutoConfig
  Date: 2026-09-21T20:38:15.3010000Z
  Event ID: 10001
  Task: N/A
  Level: Information
  Opcode: Info
  Keyword: N/A
  User: S-1-5-18
  User Name: NT AUTHORITY\SYSTEM
  Computer: bytesize
  Description: 
WLAN Extensibility Module has successfully started.

Module Path: C:\WINDOWS\system32\IntelIHVRouter14.dll


Event[113]
  Log Name: System
  Source: Microsoft-Windows-HttpService
  Date: 2026-09-21T20:38:15.2220000Z
  Event ID: 113
  Task: HTTP Configuration Property Trace Task
  Level: Information
  Opcode: AddUrl
  Keyword: Flagged on all HTTP events triggered on a URL group,
  User: S-1-5-18
  User Name: NT AUTHORITY\SYSTEM
  Computer: bytesize
  Description: 
Attempted to add URL (http://127.0.0.1:27339:127.0.0.1/AuraSDK/) to URL group (0xFE00000F20000001). Status: 0x0. Process Id 0x234C Executable path \Device\HarddiskVolume3\Program Files (x86)\ASUS\GameSDK Service\GameSDK.exe, User S-1-5-18

Event[114]
  Log Name: System
  Source: Microsoft-Windows-HttpService
  Date: 2026-09-21T20:38:15.2220000Z
  Event ID: 111
  Task: HTTP Configuration Property Trace Task
  Level: Information
  Opcode: AddUrl
  Keyword: Flagged on all HTTP events triggered on a URL group,
  User: S-1-5-18
  User Name: NT AUTHORITY\SYSTEM
  Computer: bytesize
  Description: 
Create URL group 0xFE00000F20000001. Status 0x0. Process Id 0x234C Executable path \Device\HarddiskVolume3\Program Files (x86)\ASUS\GameSDK Service\GameSDK.exe, User S-1-5-18

Event[115]
  Log Name: System
  Source: Microsoft-Windows-WLAN-AutoConfig
  Date: 2026-09-21T20:38:14.8400000Z
  Event ID: 4000
  Task: N/A
  Level: Information
  Opcode: Info
  Keyword: N/A
  User: S-1-5-18
  User Name: NT AUTHORITY\SYSTEM
  Computer: bytesize
  Description: 
WLAN AutoConfig service has successfully started.


Event[116]
  Log Name: System
  Source: Microsoft-Windows-DistributedCOM
  Date: 2026-09-21T20:38:14.4000000Z
  Event ID: 10016
  Task: N/A
  Level: Warning
  Opcode: Info
  Keyword: Classic,
  User: S-1-5-19
  User Name: NT AUTHORITY\LOCAL SERVICE
  Computer: bytesize
  Description: 
The application-specific permission settings do not grant Local Activation permission for the COM Server application with CLSID 
{6B3B8D23-FA8D-40B9-8DBD-B950333E2C52}
 and APPID 
{4839DDB7-58C2-48F5-8283-E1D1807D0D7D}
 to the user NT AUTHORITY\LOCAL SERVICE SID (S-1-5-19) from address LocalHost (Using LRPC) running in the application container Unavailable SID (Unavailable). This security permission can be modified using the Component Services administrative tool.

Event[117]
  Log Name: System
  Source: Microsoft-Windows-DistributedCOM
  Date: 2026-09-21T20:38:14.4000000Z
  Event ID: 10016
  Task: N/A
  Level: Warning
  Opcode: Info
  Keyword: Classic,
  User: S-1-5-19
  User Name: NT AUTHORITY\LOCAL SERVICE
  Computer: bytesize
  Description: 
The application-specific permission settings do not grant Local Activation permission for the COM Server application with CLSID 
{6B3B8D23-FA8D-40B9-8DBD-B950333E2C52}
 and APPID 
{4839DDB7-58C2-48F5-8283-E1D1807D0D7D}
 to the user NT AUTHORITY\LOCAL SERVICE SID (S-1-5-19) from address LocalHost (Using LRPC) running in the application container Unavailable SID (Unavailable). This security permission can be modified using the Component Services administrative tool.

Event[118]
  Log Name: System
  Source: Microsoft-Windows-Winlogon
  Date: 2026-09-21T20:38:14.1300000Z
  Event ID: 7001
  Task: N/A
  Level: Information
  Opcode: Info
  Keyword: N/A
  User: S-1-5-18
  User Name: NT AUTHORITY\SYSTEM
  Computer: bytesize
  Description: 
User Logon Notification for Customer Experience Improvement Program

Event[119]
  Log Name: System
  Source: Microsoft-Windows-IsolatedUserMode
  Date: 2026-09-21T20:38:13.3780000Z
  Event ID: 1
  Task: N/A
  Level: Information
  Opcode: Info
  Keyword: N/A
  User: S-1-5-19
  User Name: NT AUTHORITY\LOCAL SERVICE
  Computer: bytesize
  Description: 
Secure Trustlet \??\C:\WINDOWS\System32\NgcIso.exe Id 6 and Pid 6440 started with status STATUS_SUCCESS.

