Event[0]
  Log Name: System
  Source: Microsoft-Windows-Hyper-V-VmSwitch
  Date: 2026-09-21T21:19:36.2440000Z
  Event ID: 291
  Task: N/A
  Level: Information
  Opcode: Info
  Keyword: N/A
  User: S-1-5-18
  User Name: NT AUTHORITY\SYSTEM
  Computer: bytesize
  Description: 
RSC offload modified for NIC 9ACF9069-9FCB-4D99-92BC-A6756F85327D--2C9CCAA6-31EA-42B4-91EC-5314CDA55E43 (Friendly Name: ) Previous IPv4: Enabled, Current IPv4: Enabled, Previous IPv6: Enabled, Current IPv6: Enabled. Reason: RSC OID

Event[1]
  Log Name: System
  Source: Microsoft-Windows-Hyper-V-VmSwitch
  Date: 2026-09-21T21:19:36.2440000Z
  Event ID: 291
  Task: N/A
  Level: Information
  Opcode: Info
  Keyword: N/A
  User: N/A
  User Name: N/A
  Computer: bytesize
  Description: 
RSC offload modified for NIC 9ACF9069-9FCB-4D99-92BC-A6756F85327D--2C9CCAA6-31EA-42B4-91EC-5314CDA55E43 (Friendly Name: ) Previous IPv4: Enabled, Current IPv4: Enabled, Previous IPv6: Enabled, Current IPv6: Enabled. Reason: NIC connect

Event[2]
  Log Name: System
  Source: Microsoft-Windows-Hyper-V-VmSwitch
  Date: 2026-09-21T21:19:36.2120000Z
  Event ID: 102
  Task: N/A
  Level: Information
  Opcode: Info
  Keyword: N/A
  User: S-1-5-83-1-2597294185-1301913547-1973861522-2100462959
  User Name: NT VIRTUAL MACHINE\9ACF9069-9FCB-4D99-92BC-A6756F85327D
  Computer: bytesize
  Description: 
Networking driver in 9ACF9069-9FCB-4D99-92BC-A6756F85327D is loaded and the protocol version is negotiated to the most recent version (Virtual machine ID 9ACF9069-9FCB-4D99-92BC-A6756F85327D).

Event[3]
  Log Name: System
  Source: Microsoft-Windows-Hyper-V-VmSwitch
  Date: 2026-09-21T21:19:35.9750000Z
  Event ID: 291
  Task: N/A
  Level: Information
  Opcode: Info
  Keyword: N/A
  User: S-1-5-18
  User Name: NT AUTHORITY\SYSTEM
  Computer: bytesize
  Description: 
RSC offload modified for NIC 9ACF9069-9FCB-4D99-92BC-A6756F85327D--2C9CCAA6-31EA-42B4-91EC-5314CDA55E43 (Friendly Name: ) Previous IPv4: Disabled, Current IPv4: Enabled, Previous IPv6: Disabled, Current IPv6: Enabled. Reason: RSC OID

Event[4]
  Log Name: System
  Source: Microsoft-Windows-Hyper-V-VmSwitch
  Date: 2026-09-21T21:19:35.9740000Z
  Event ID: 291
  Task: N/A
  Level: Information
  Opcode: Info
  Keyword: N/A
  User: N/A
  User Name: N/A
  Computer: bytesize
  Description: 
RSC offload modified for NIC 9ACF9069-9FCB-4D99-92BC-A6756F85327D--2C9CCAA6-31EA-42B4-91EC-5314CDA55E43 (Friendly Name: ) Previous IPv4: Disabled, Current IPv4: Disabled, Previous IPv6: Disabled, Current IPv6: Disabled. Reason: NIC connect

Event[5]
  Log Name: System
  Source: Microsoft-Windows-Hyper-V-VmSwitch
  Date: 2026-09-21T21:19:35.9680000Z
  Event ID: 102
  Task: N/A
  Level: Information
  Opcode: Info
  Keyword: N/A
  User: S-1-5-83-1-2597294185-1301913547-1973861522-2100462959
  User Name: NT VIRTUAL MACHINE\9ACF9069-9FCB-4D99-92BC-A6756F85327D
  Computer: bytesize
  Description: 
Networking driver in 9ACF9069-9FCB-4D99-92BC-A6756F85327D is loaded and the protocol version is negotiated to the most recent version (Virtual machine ID 9ACF9069-9FCB-4D99-92BC-A6756F85327D).

Event[6]
  Log Name: System
  Source: Microsoft-Windows-Hyper-V-VmSwitch
  Date: 2026-09-21T21:19:35.9680000Z
  Event ID: 232
  Task: N/A
  Level: Information
  Opcode: Info
  Keyword: N/A
  User: S-1-5-83-1-2597294185-1301913547-1973861522-2100462959
  User Name: NT VIRTUAL MACHINE\9ACF9069-9FCB-4D99-92BC-A6756F85327D
  Computer: bytesize
  Description: 
NIC 9ACF9069-9FCB-4D99-92BC-A6756F85327D--2C9CCAA6-31EA-42B4-91EC-5314CDA55E43 (Friendly Name: ) successfully connected to port 2C9CCAA6-31EA-42B4-91EC-5314CDA55E43 (Friendly Name: 2C9CCAA6-31EA-42B4-91EC-5314CDA55E43) on switch 790E58B4-7939-4434-9358-89AE7DDBE87E(Friendly Name: WSL (Hyper-V firewall)).

Event[7]
  Log Name: System
  Source: Microsoft-Windows-Hyper-V-VmSwitch
  Date: 2026-09-21T21:19:35.9650000Z
  Event ID: 233
  Task: N/A
  Level: Information
  Opcode: Info
  Keyword: N/A
  User: S-1-5-83-1-2597294185-1301913547-1973861522-2100462959
  User Name: NT VIRTUAL MACHINE\9ACF9069-9FCB-4D99-92BC-A6756F85327D
  Computer: bytesize
  Description: 
The operation 'Create' succeeded on nic 9ACF9069-9FCB-4D99-92BC-A6756F85327D--2C9CCAA6-31EA-42B4-91EC-5314CDA55E43 (Friendly Name: ), Instance Id {00000000-0000-0000-0000-000000000000}.

Event[8]
  Log Name: System
  Source: Microsoft-Windows-Hyper-V-VmSwitch
  Date: 2026-09-21T21:19:35.9650000Z
  Event ID: 291
  Task: N/A
  Level: Information
  Opcode: Info
  Keyword: N/A
  User: S-1-5-83-1-2597294185-1301913547-1973861522-2100462959
  User Name: NT VIRTUAL MACHINE\9ACF9069-9FCB-4D99-92BC-A6756F85327D
  Computer: bytesize
  Description: 
RSC offload modified for NIC 9ACF9069-9FCB-4D99-92BC-A6756F85327D--2C9CCAA6-31EA-42B4-91EC-5314CDA55E43 (Friendly Name: ) Previous IPv4: Disabled, Current IPv4: Disabled, Previous IPv6: Disabled, Current IPv6: Disabled. Reason: NIC create

Event[9]
  Log Name: System
  Source: Microsoft-Windows-Hyper-V-VmSwitch
  Date: 2026-09-21T21:19:35.9610000Z
  Event ID: 67
  Task: N/A
  Level: Information
  Opcode: Info
  Keyword: N/A
  User: S-1-5-18
  User Name: NT AUTHORITY\SYSTEM
  Computer: bytesize
  Description: 
Port 2C9CCAA6-31EA-42B4-91EC-5314CDA55E43 (Friendly Name: 2C9CCAA6-31EA-42B4-91EC-5314CDA55E43) successfully created on switch 790E58B4-7939-4434-9358-89AE7DDBE87E (Friendly Name: WSL (Hyper-V firewall)).

Event[10]
  Log Name: System
  Source: Microsoft-Windows-Hyper-V-VmSwitch
  Date: 2026-09-21T21:19:35.9600000Z
  Event ID: 292
  Task: N/A
  Level: Information
  Opcode: Info
  Keyword: N/A
  User: N/A
  User Name: N/A
  Computer: bytesize
  Description: 
RSC offload modified for Port 2C9CCAA6-31EA-42B4-91EC-5314CDA55E43 (Friendly Name: 2C9CCAA6-31EA-42B4-91EC-5314CDA55E43) Previous: Disabled, Current: Enabled. Reason: Port create

Event[11]
  Log Name: System
  Source: Microsoft-Windows-Hyper-V-VmSwitch
  Date: 2026-09-21T21:17:08.7670000Z
  Event ID: 71
  Task: N/A
  Level: Information
  Opcode: Info
  Keyword: N/A
  User: S-1-5-83-1-3631772513-1266079166-3422694281-3066917717
  User Name: NT VIRTUAL MACHINE\D8787361-D5BE-4B76-892B-02CC5573CDB6
  Computer: bytesize
  Description: 
Delete complete for port 0E1131C5-98E6-459D-B48B-5DD44B6A3B62 (Friendly Name: 0E1131C5-98E6-459D-B48B-5DD44B6A3B62).

Event[12]
  Log Name: System
  Source: Microsoft-Windows-Hyper-V-VmSwitch
  Date: 2026-09-21T21:17:08.7670000Z
  Event ID: 69
  Task: N/A
  Level: Information
  Opcode: Info
  Keyword: N/A
  User: S-1-5-83-1-3631772513-1266079166-3422694281-3066917717
  User Name: NT VIRTUAL MACHINE\D8787361-D5BE-4B76-892B-02CC5573CDB6
  Computer: bytesize
  Description: 
Port 0E1131C5-98E6-459D-B48B-5DD44B6A3B62 (Friendly Name: 0E1131C5-98E6-459D-B48B-5DD44B6A3B62) successfully deleted - switch 790E58B4-7939-4434-9358-89AE7DDBE87E (Friendly Name: WSL (Hyper-V firewall)).

Event[13]
  Log Name: System
  Source: Microsoft-Windows-Hyper-V-VmSwitch
  Date: 2026-09-21T21:17:08.7660000Z
  Event ID: 233
  Task: N/A
  Level: Information
  Opcode: Info
  Keyword: N/A
  User: S-1-5-83-1-3631772513-1266079166-3422694281-3066917717
  User Name: NT VIRTUAL MACHINE\D8787361-D5BE-4B76-892B-02CC5573CDB6
  Computer: bytesize
  Description: 
The operation 'Delete' succeeded on nic D8787361-D5BE-4B76-892B-02CC5573CDB6--0E1131C5-98E6-459D-B48B-5DD44B6A3B62 (Friendly Name: ), Instance Id {00000000-0000-0000-0000-000000000000}.

Event[14]
  Log Name: System
  Source: Microsoft-Windows-Hyper-V-VmSwitch
  Date: 2026-09-21T21:17:08.7650000Z
  Event ID: 234
  Task: N/A
  Level: Information
  Opcode: Info
  Keyword: N/A
  User: S-1-5-83-1-3631772513-1266079166-3422694281-3066917717
  User Name: NT VIRTUAL MACHINE\D8787361-D5BE-4B76-892B-02CC5573CDB6
  Computer: bytesize
  Description: 
NIC D8787361-D5BE-4B76-892B-02CC5573CDB6--0E1131C5-98E6-459D-B48B-5DD44B6A3B62 successfully disconnected from port .

Event[15]
  Log Name: System
  Source: Microsoft-Windows-Hyper-V-VmSwitch
  Date: 2026-09-21T21:17:08.5210000Z
  Event ID: 234
  Task: N/A
  Level: Information
  Opcode: Info
  Keyword: N/A
  User: S-1-5-18
  User Name: NT AUTHORITY\SYSTEM
  Computer: bytesize
  Description: 
NIC D8787361-D5BE-4B76-892B-02CC5573CDB6--0E1131C5-98E6-459D-B48B-5DD44B6A3B62 successfully disconnected from port .

Event[16]
  Log Name: System
  Source: Microsoft-Windows-Time-Service
  Date: 2026-09-21T21:14:46.8310000Z
  Event ID: 158
  Task: N/A
  Level: Information
  Opcode: Info
  Keyword: N/A
  User: S-1-5-19
  User Name: NT AUTHORITY\LOCAL SERVICE
  Computer: bytesize
  Description: 
The time provider 'VMICTimeProvider' has indicated that the current hardware and operating environment is not supported and has stopped. This behavior is expected for VMICTimeProvider on non-HyperV-guest environments. This may be the expected behavior for the current provider in the current operating environment as well.

Event[17]
  Log Name: System
  Source: Microsoft-Windows-Hyper-V-VmSwitch
  Date: 2026-09-21T21:14:09.7830000Z
  Event ID: 291
  Task: N/A
  Level: Information
  Opcode: Info
  Keyword: N/A
  User: S-1-5-18
  User Name: NT AUTHORITY\SYSTEM
  Computer: bytesize
  Description: 
RSC offload modified for NIC D8787361-D5BE-4B76-892B-02CC5573CDB6--0E1131C5-98E6-459D-B48B-5DD44B6A3B62 (Friendly Name: ) Previous IPv4: Enabled, Current IPv4: Enabled, Previous IPv6: Enabled, Current IPv6: Enabled. Reason: RSC OID

Event[18]
  Log Name: System
  Source: Microsoft-Windows-Hyper-V-VmSwitch
  Date: 2026-09-21T21:14:09.7830000Z
  Event ID: 291
  Task: N/A
  Level: Information
  Opcode: Info
  Keyword: N/A
  User: N/A
  User Name: N/A
  Computer: bytesize
  Description: 
RSC offload modified for NIC D8787361-D5BE-4B76-892B-02CC5573CDB6--0E1131C5-98E6-459D-B48B-5DD44B6A3B62 (Friendly Name: ) Previous IPv4: Enabled, Current IPv4: Enabled, Previous IPv6: Enabled, Current IPv6: Enabled. Reason: NIC connect

Event[19]
  Log Name: System
  Source: Microsoft-Windows-Hyper-V-VmSwitch
  Date: 2026-09-21T21:14:09.7790000Z
  Event ID: 102
  Task: N/A
  Level: Information
  Opcode: Info
  Keyword: N/A
  User: S-1-5-83-1-3631772513-1266079166-3422694281-3066917717
  User Name: NT VIRTUAL MACHINE\D8787361-D5BE-4B76-892B-02CC5573CDB6
  Computer: bytesize
  Description: 
Networking driver in D8787361-D5BE-4B76-892B-02CC5573CDB6 is loaded and the protocol version is negotiated to the most recent version (Virtual machine ID D8787361-D5BE-4B76-892B-02CC5573CDB6).

Event[20]
  Log Name: System
  Source: Microsoft-Windows-Hyper-V-VmSwitch
  Date: 2026-09-21T21:14:09.5180000Z
  Event ID: 291
  Task: N/A
  Level: Information
  Opcode: Info
  Keyword: N/A
  User: S-1-5-18
  User Name: NT AUTHORITY\SYSTEM
  Computer: bytesize
  Description: 
RSC offload modified for NIC D8787361-D5BE-4B76-892B-02CC5573CDB6--0E1131C5-98E6-459D-B48B-5DD44B6A3B62 (Friendly Name: ) Previous IPv4: Disabled, Current IPv4: Enabled, Previous IPv6: Disabled, Current IPv6: Enabled. Reason: RSC OID

Event[21]
  Log Name: System
  Source: Microsoft-Windows-Hyper-V-VmSwitch
  Date: 2026-09-21T21:14:09.5170000Z
  Event ID: 291
  Task: N/A
  Level: Information
  Opcode: Info
  Keyword: N/A
  User: N/A
  User Name: N/A
  Computer: bytesize
  Description: 
RSC offload modified for NIC D8787361-D5BE-4B76-892B-02CC5573CDB6--0E1131C5-98E6-459D-B48B-5DD44B6A3B62 (Friendly Name: ) Previous IPv4: Disabled, Current IPv4: Disabled, Previous IPv6: Disabled, Current IPv6: Disabled. Reason: NIC connect

Event[22]
  Log Name: System
  Source: Microsoft-Windows-Hyper-V-VmSwitch
  Date: 2026-09-21T21:14:09.5120000Z
  Event ID: 102
  Task: N/A
  Level: Information
  Opcode: Info
  Keyword: N/A
  User: S-1-5-83-1-3631772513-1266079166-3422694281-3066917717
  User Name: NT VIRTUAL MACHINE\D8787361-D5BE-4B76-892B-02CC5573CDB6
  Computer: bytesize
  Description: 
Networking driver in D8787361-D5BE-4B76-892B-02CC5573CDB6 is loaded and the protocol version is negotiated to the most recent version (Virtual machine ID D8787361-D5BE-4B76-892B-02CC5573CDB6).

Event[23]
  Log Name: System
  Source: Microsoft-Windows-Hyper-V-VmSwitch
  Date: 2026-09-21T21:14:09.5110000Z
  Event ID: 232
  Task: N/A
  Level: Information
  Opcode: Info
  Keyword: N/A
  User: S-1-5-83-1-3631772513-1266079166-3422694281-3066917717
  User Name: NT VIRTUAL MACHINE\D8787361-D5BE-4B76-892B-02CC5573CDB6
  Computer: bytesize
  Description: 
NIC D8787361-D5BE-4B76-892B-02CC5573CDB6--0E1131C5-98E6-459D-B48B-5DD44B6A3B62 (Friendly Name: ) successfully connected to port 0E1131C5-98E6-459D-B48B-5DD44B6A3B62 (Friendly Name: 0E1131C5-98E6-459D-B48B-5DD44B6A3B62) on switch 790E58B4-7939-4434-9358-89AE7DDBE87E(Friendly Name: WSL (Hyper-V firewall)).

Event[24]
  Log Name: System
  Source: Microsoft-Windows-Hyper-V-VmSwitch
  Date: 2026-09-21T21:14:09.5080000Z
  Event ID: 233
  Task: N/A
  Level: Information
  Opcode: Info
  Keyword: N/A
  User: S-1-5-83-1-3631772513-1266079166-3422694281-3066917717
  User Name: NT VIRTUAL MACHINE\D8787361-D5BE-4B76-892B-02CC5573CDB6
  Computer: bytesize
  Description: 
The operation 'Create' succeeded on nic D8787361-D5BE-4B76-892B-02CC5573CDB6--0E1131C5-98E6-459D-B48B-5DD44B6A3B62 (Friendly Name: ), Instance Id {00000000-0000-0000-0000-000000000000}.

Event[25]
  Log Name: System
  Source: Microsoft-Windows-Hyper-V-VmSwitch
  Date: 2026-09-21T21:14:09.5080000Z
  Event ID: 291
  Task: N/A
  Level: Information
  Opcode: Info
  Keyword: N/A
  User: S-1-5-83-1-3631772513-1266079166-3422694281-3066917717
  User Name: NT VIRTUAL MACHINE\D8787361-D5BE-4B76-892B-02CC5573CDB6
  Computer: bytesize
  Description: 
RSC offload modified for NIC D8787361-D5BE-4B76-892B-02CC5573CDB6--0E1131C5-98E6-459D-B48B-5DD44B6A3B62 (Friendly Name: ) Previous IPv4: Disabled, Current IPv4: Disabled, Previous IPv6: Disabled, Current IPv6: Disabled. Reason: NIC create

Event[26]
  Log Name: System
  Source: Microsoft-Windows-Hyper-V-VmSwitch
  Date: 2026-09-21T21:14:09.5040000Z
  Event ID: 67
  Task: N/A
  Level: Information
  Opcode: Info
  Keyword: N/A
  User: S-1-5-18
  User Name: NT AUTHORITY\SYSTEM
  Computer: bytesize
  Description: 
Port 0E1131C5-98E6-459D-B48B-5DD44B6A3B62 (Friendly Name: 0E1131C5-98E6-459D-B48B-5DD44B6A3B62) successfully created on switch 790E58B4-7939-4434-9358-89AE7DDBE87E (Friendly Name: WSL (Hyper-V firewall)).

Event[27]
  Log Name: System
  Source: Microsoft-Windows-Hyper-V-VmSwitch
  Date: 2026-09-21T21:14:09.5040000Z
  Event ID: 292
  Task: N/A
  Level: Information
  Opcode: Info
  Keyword: N/A
  User: N/A
  User Name: N/A
  Computer: bytesize
  Description: 
RSC offload modified for Port 0E1131C5-98E6-459D-B48B-5DD44B6A3B62 (Friendly Name: 0E1131C5-98E6-459D-B48B-5DD44B6A3B62) Previous: Disabled, Current: Enabled. Reason: Port create

Event[28]
  Log Name: System
  Source: Microsoft-Windows-Hyper-V-VmSwitch
  Date: 2026-09-21T21:14:07.7730000Z
  Event ID: 71
  Task: N/A
  Level: Information
  Opcode: Info
  Keyword: N/A
  User: S-1-5-83-1-1539032635-1304635441-1695455159-3433433278
  User Name: NT VIRTUAL MACHINE\5BBBC63B-2831-4DC3-B797-0E65BE08A6CC
  Computer: bytesize
  Description: 
Delete complete for port 78A7CCF2-DB16-4D4B-9C7C-1D592C3BBD2B (Friendly Name: 78A7CCF2-DB16-4D4B-9C7C-1D592C3BBD2B).

Event[29]
  Log Name: System
  Source: Microsoft-Windows-Hyper-V-VmSwitch
  Date: 2026-09-21T21:14:07.7730000Z
  Event ID: 69
  Task: N/A
  Level: Information
  Opcode: Info
  Keyword: N/A
  User: S-1-5-83-1-1539032635-1304635441-1695455159-3433433278
  User Name: NT VIRTUAL MACHINE\5BBBC63B-2831-4DC3-B797-0E65BE08A6CC
  Computer: bytesize
  Description: 
Port 78A7CCF2-DB16-4D4B-9C7C-1D592C3BBD2B (Friendly Name: 78A7CCF2-DB16-4D4B-9C7C-1D592C3BBD2B) successfully deleted - switch 790E58B4-7939-4434-9358-89AE7DDBE87E (Friendly Name: WSL (Hyper-V firewall)).

Event[30]
  Log Name: System
  Source: Microsoft-Windows-Hyper-V-VmSwitch
  Date: 2026-09-21T21:14:07.7710000Z
  Event ID: 233
  Task: N/A
  Level: Information
  Opcode: Info
  Keyword: N/A
  User: S-1-5-83-1-1539032635-1304635441-1695455159-3433433278
  User Name: NT VIRTUAL MACHINE\5BBBC63B-2831-4DC3-B797-0E65BE08A6CC
  Computer: bytesize
  Description: 
The operation 'Delete' succeeded on nic 5BBBC63B-2831-4DC3-B797-0E65BE08A6CC--78A7CCF2-DB16-4D4B-9C7C-1D592C3BBD2B (Friendly Name: ), Instance Id {00000000-0000-0000-0000-000000000000}.

Event[31]
  Log Name: System
  Source: Microsoft-Windows-Hyper-V-VmSwitch
  Date: 2026-09-21T21:14:07.7700000Z
  Event ID: 234
  Task: N/A
  Level: Information
  Opcode: Info
  Keyword: N/A
  User: S-1-5-83-1-1539032635-1304635441-1695455159-3433433278
  User Name: NT VIRTUAL MACHINE\5BBBC63B-2831-4DC3-B797-0E65BE08A6CC
  Computer: bytesize
  Description: 
NIC 5BBBC63B-2831-4DC3-B797-0E65BE08A6CC--78A7CCF2-DB16-4D4B-9C7C-1D592C3BBD2B successfully disconnected from port .

Event[32]
  Log Name: System
  Source: Microsoft-Windows-Hyper-V-VmSwitch
  Date: 2026-09-21T21:14:07.5590000Z
  Event ID: 234
  Task: N/A
  Level: Information
  Opcode: Info
  Keyword: N/A
  User: S-1-5-18
  User Name: NT AUTHORITY\SYSTEM
  Computer: bytesize
  Description: 
NIC 5BBBC63B-2831-4DC3-B797-0E65BE08A6CC--78A7CCF2-DB16-4D4B-9C7C-1D592C3BBD2B successfully disconnected from port .

Event[33]
  Log Name: System
  Source: Microsoft-Windows-Hyper-V-VmSwitch
  Date: 2026-09-21T21:10:03.4900000Z
  Event ID: 291
  Task: N/A
  Level: Information
  Opcode: Info
  Keyword: N/A
  User: S-1-5-18
  User Name: NT AUTHORITY\SYSTEM
  Computer: bytesize
  Description: 
RSC offload modified for NIC 5BBBC63B-2831-4DC3-B797-0E65BE08A6CC--78A7CCF2-DB16-4D4B-9C7C-1D592C3BBD2B (Friendly Name: ) Previous IPv4: Enabled, Current IPv4: Enabled, Previous IPv6: Enabled, Current IPv6: Enabled. Reason: RSC OID

Event[34]
  Log Name: System
  Source: Microsoft-Windows-Hyper-V-VmSwitch
  Date: 2026-09-21T21:10:03.4900000Z
  Event ID: 291
  Task: N/A
  Level: Information
  Opcode: Info
  Keyword: N/A
  User: N/A
  User Name: N/A
  Computer: bytesize
  Description: 
RSC offload modified for NIC 5BBBC63B-2831-4DC3-B797-0E65BE08A6CC--78A7CCF2-DB16-4D4B-9C7C-1D592C3BBD2B (Friendly Name: ) Previous IPv4: Enabled, Current IPv4: Enabled, Previous IPv6: Enabled, Current IPv6: Enabled. Reason: NIC connect

Event[35]
  Log Name: System
  Source: Microsoft-Windows-Hyper-V-VmSwitch
  Date: 2026-09-21T21:10:03.4860000Z
  Event ID: 102
  Task: N/A
  Level: Information
  Opcode: Info
  Keyword: N/A
  User: S-1-5-83-1-1539032635-1304635441-1695455159-3433433278
  User Name: NT VIRTUAL MACHINE\5BBBC63B-2831-4DC3-B797-0E65BE08A6CC
  Computer: bytesize
  Description: 
Networking driver in 5BBBC63B-2831-4DC3-B797-0E65BE08A6CC is loaded and the protocol version is negotiated to the most recent version (Virtual machine ID 5BBBC63B-2831-4DC3-B797-0E65BE08A6CC).

Event[36]
  Log Name: System
  Source: Microsoft-Windows-Hyper-V-VmSwitch
  Date: 2026-09-21T21:10:03.2860000Z
  Event ID: 291
  Task: N/A
  Level: Information
  Opcode: Info
  Keyword: N/A
  User: S-1-5-18
  User Name: NT AUTHORITY\SYSTEM
  Computer: bytesize
  Description: 
RSC offload modified for NIC 5BBBC63B-2831-4DC3-B797-0E65BE08A6CC--78A7CCF2-DB16-4D4B-9C7C-1D592C3BBD2B (Friendly Name: ) Previous IPv4: Disabled, Current IPv4: Enabled, Previous IPv6: Disabled, Current IPv6: Enabled. Reason: RSC OID

Event[37]
  Log Name: System
  Source: Microsoft-Windows-Hyper-V-VmSwitch
  Date: 2026-09-21T21:10:03.2860000Z
  Event ID: 291
  Task: N/A
  Level: Information
  Opcode: Info
  Keyword: N/A
  User: N/A
  User Name: N/A
  Computer: bytesize
  Description: 
RSC offload modified for NIC 5BBBC63B-2831-4DC3-B797-0E65BE08A6CC--78A7CCF2-DB16-4D4B-9C7C-1D592C3BBD2B (Friendly Name: ) Previous IPv4: Disabled, Current IPv4: Disabled, Previous IPv6: Disabled, Current IPv6: Disabled. Reason: NIC connect

Event[38]
  Log Name: System
  Source: Microsoft-Windows-Hyper-V-VmSwitch
  Date: 2026-09-21T21:10:03.2800000Z
  Event ID: 102
  Task: N/A
  Level: Information
  Opcode: Info
  Keyword: N/A
  User: S-1-5-83-1-1539032635-1304635441-1695455159-3433433278
  User Name: NT VIRTUAL MACHINE\5BBBC63B-2831-4DC3-B797-0E65BE08A6CC
  Computer: bytesize
  Description: 
Networking driver in 5BBBC63B-2831-4DC3-B797-0E65BE08A6CC is loaded and the protocol version is negotiated to the most recent version (Virtual machine ID 5BBBC63B-2831-4DC3-B797-0E65BE08A6CC).

Event[39]
  Log Name: System
  Source: Microsoft-Windows-Hyper-V-VmSwitch
  Date: 2026-09-21T21:10:03.2800000Z
  Event ID: 232
  Task: N/A
  Level: Information
  Opcode: Info
  Keyword: N/A
  User: S-1-5-83-1-1539032635-1304635441-1695455159-3433433278
  User Name: NT VIRTUAL MACHINE\5BBBC63B-2831-4DC3-B797-0E65BE08A6CC
  Computer: bytesize
  Description: 
NIC 5BBBC63B-2831-4DC3-B797-0E65BE08A6CC--78A7CCF2-DB16-4D4B-9C7C-1D592C3BBD2B (Friendly Name: ) successfully connected to port 78A7CCF2-DB16-4D4B-9C7C-1D592C3BBD2B (Friendly Name: 78A7CCF2-DB16-4D4B-9C7C-1D592C3BBD2B) on switch 790E58B4-7939-4434-9358-89AE7DDBE87E(Friendly Name: WSL (Hyper-V firewall)).

Event[40]
  Log Name: System
  Source: Microsoft-Windows-Hyper-V-VmSwitch
  Date: 2026-09-21T21:10:03.2770000Z
  Event ID: 233
  Task: N/A
  Level: Information
  Opcode: Info
  Keyword: N/A
  User: S-1-5-83-1-1539032635-1304635441-1695455159-3433433278
  User Name: NT VIRTUAL MACHINE\5BBBC63B-2831-4DC3-B797-0E65BE08A6CC
  Computer: bytesize
  Description: 
The operation 'Create' succeeded on nic 5BBBC63B-2831-4DC3-B797-0E65BE08A6CC--78A7CCF2-DB16-4D4B-9C7C-1D592C3BBD2B (Friendly Name: ), Instance Id {00000000-0000-0000-0000-000000000000}.

Event[41]
  Log Name: System
  Source: Microsoft-Windows-Hyper-V-VmSwitch
  Date: 2026-09-21T21:10:03.2770000Z
  Event ID: 291
  Task: N/A
  Level: Information
  Opcode: Info
  Keyword: N/A
  User: S-1-5-83-1-1539032635-1304635441-1695455159-3433433278
  User Name: NT VIRTUAL MACHINE\5BBBC63B-2831-4DC3-B797-0E65BE08A6CC
  Computer: bytesize
  Description: 
RSC offload modified for NIC 5BBBC63B-2831-4DC3-B797-0E65BE08A6CC--78A7CCF2-DB16-4D4B-9C7C-1D592C3BBD2B (Friendly Name: ) Previous IPv4: Disabled, Current IPv4: Disabled, Previous IPv6: Disabled, Current IPv6: Disabled. Reason: NIC create

Event[42]
  Log Name: System
  Source: Microsoft-Windows-Hyper-V-VmSwitch
  Date: 2026-09-21T21:10:03.2730000Z
  Event ID: 67
  Task: N/A
  Level: Information
  Opcode: Info
  Keyword: N/A
  User: S-1-5-18
  User Name: NT AUTHORITY\SYSTEM
  Computer: bytesize
  Description: 
Port 78A7CCF2-DB16-4D4B-9C7C-1D592C3BBD2B (Friendly Name: 78A7CCF2-DB16-4D4B-9C7C-1D592C3BBD2B) successfully created on switch 790E58B4-7939-4434-9358-89AE7DDBE87E (Friendly Name: WSL (Hyper-V firewall)).

Event[43]
  Log Name: System
  Source: Microsoft-Windows-Hyper-V-VmSwitch
  Date: 2026-09-21T21:10:03.2730000Z
  Event ID: 292
  Task: N/A
  Level: Information
  Opcode: Info
  Keyword: N/A
  User: N/A
  User Name: N/A
  Computer: bytesize
  Description: 
RSC offload modified for Port 78A7CCF2-DB16-4D4B-9C7C-1D592C3BBD2B (Friendly Name: 78A7CCF2-DB16-4D4B-9C7C-1D592C3BBD2B) Previous: Disabled, Current: Enabled. Reason: Port create

Event[44]
  Log Name: System
  Source: Microsoft-Windows-Hyper-V-VmSwitch
  Date: 2026-09-21T21:09:21.4330000Z
  Event ID: 71
  Task: N/A
  Level: Information
  Opcode: Info
  Keyword: N/A
  User: S-1-5-83-1-2320711908-1093345965-4014765973-2134472222
  User Name: NT VIRTUAL MACHINE\8A5340E4-22AD-412B-9577-4CEF1E76397F
  Computer: bytesize
  Description: 
Delete complete for port 59184CD9-180B-41E3-8785-99DA83FBD793 (Friendly Name: 59184CD9-180B-41E3-8785-99DA83FBD793).

Event[45]
  Log Name: System
  Source: Microsoft-Windows-Hyper-V-VmSwitch
  Date: 2026-09-21T21:09:21.4330000Z
  Event ID: 69
  Task: N/A
  Level: Information
  Opcode: Info
  Keyword: N/A
  User: S-1-5-83-1-2320711908-1093345965-4014765973-2134472222
  User Name: NT VIRTUAL MACHINE\8A5340E4-22AD-412B-9577-4CEF1E76397F
  Computer: bytesize
  Description: 
Port 59184CD9-180B-41E3-8785-99DA83FBD793 (Friendly Name: 59184CD9-180B-41E3-8785-99DA83FBD793) successfully deleted - switch 790E58B4-7939-4434-9358-89AE7DDBE87E (Friendly Name: WSL (Hyper-V firewall)).

Event[46]
  Log Name: System
  Source: Microsoft-Windows-Hyper-V-VmSwitch
  Date: 2026-09-21T21:09:21.4310000Z
  Event ID: 233
  Task: N/A
  Level: Information
  Opcode: Info
  Keyword: N/A
  User: S-1-5-83-1-2320711908-1093345965-4014765973-2134472222
  User Name: NT VIRTUAL MACHINE\8A5340E4-22AD-412B-9577-4CEF1E76397F
  Computer: bytesize
  Description: 
The operation 'Delete' succeeded on nic 8A5340E4-22AD-412B-9577-4CEF1E76397F--59184CD9-180B-41E3-8785-99DA83FBD793 (Friendly Name: ), Instance Id {00000000-0000-0000-0000-000000000000}.

Event[47]
  Log Name: System
  Source: Microsoft-Windows-Hyper-V-VmSwitch
  Date: 2026-09-21T21:09:21.4300000Z
  Event ID: 234
  Task: N/A
  Level: Information
  Opcode: Info
  Keyword: N/A
  User: S-1-5-83-1-2320711908-1093345965-4014765973-2134472222
  User Name: NT VIRTUAL MACHINE\8A5340E4-22AD-412B-9577-4CEF1E76397F
  Computer: bytesize
  Description: 
NIC 8A5340E4-22AD-412B-9577-4CEF1E76397F--59184CD9-180B-41E3-8785-99DA83FBD793 successfully disconnected from port .

Event[48]
  Log Name: System
  Source: Microsoft-Windows-Hyper-V-VmSwitch
  Date: 2026-09-21T21:09:21.2390000Z
  Event ID: 234
  Task: N/A
  Level: Information
  Opcode: Info
  Keyword: N/A
  User: S-1-5-18
  User Name: NT AUTHORITY\SYSTEM
  Computer: bytesize
  Description: 
NIC 8A5340E4-22AD-412B-9577-4CEF1E76397F--59184CD9-180B-41E3-8785-99DA83FBD793 successfully disconnected from port .

Event[49]
  Log Name: System
  Source: Microsoft-Windows-IsolatedUserMode
  Date: 2026-09-21T21:06:35.0010000Z
  Event ID: 2
  Task: N/A
  Level: Information
  Opcode: Info
  Keyword: N/A
  User: S-1-5-19
  User Name: NT AUTHORITY\LOCAL SERVICE
  Computer: bytesize
  Description: 
Secure Trustlet Id 6 and Pid 7744 stopped with status STATUS_SUCCESS.

Event[50]
  Log Name: System
  Source: Microsoft-Windows-IsolatedUserMode
  Date: 2026-09-21T20:58:34.9910000Z
  Event ID: 1
  Task: N/A
  Level: Information
  Opcode: Info
  Keyword: N/A
  User: S-1-5-19
  User Name: NT AUTHORITY\LOCAL SERVICE
  Computer: bytesize
  Description: 
Secure Trustlet \??\C:\WINDOWS\System32\NgcIso.exe Id 6 and Pid 7744 started with status STATUS_SUCCESS.

Event[51]
  Log Name: System
  Source: Microsoft-Windows-IsolatedUserMode
  Date: 2026-09-21T20:58:34.9900000Z
  Event ID: 5
  Task: N/A
  Level: Information
  Opcode: Info
  Keyword: N/A
  User: S-1-5-19
  User Name: NT AUTHORITY\LOCAL SERVICE
  Computer: bytesize
  Description: 
Secure Trustlet NULL Id 0 and Pid 0 started with status STATUS_SUCCESS.

Event[52]
  Log Name: System
  Source: Microsoft-Windows-Time-Service
  Date: 2026-09-21T20:57:42.8260000Z
  Event ID: 158
  Task: N/A
  Level: Information
  Opcode: Info
  Keyword: N/A
  User: S-1-5-19
  User Name: NT AUTHORITY\LOCAL SERVICE
  Computer: bytesize
  Description: 
The time provider 'VMICTimeProvider' has indicated that the current hardware and operating environment is not supported and has stopped. This behavior is expected for VMICTimeProvider on non-HyperV-guest environments. This may be the expected behavior for the current provider in the current operating environment as well.

Event[53]
  Log Name: System
  Source: Microsoft-Windows-IsolatedUserMode
  Date: 2026-09-21T20:56:32.2460000Z
  Event ID: 2
  Task: N/A
  Level: Information
  Opcode: Info
  Keyword: N/A
  User: S-1-5-19
  User Name: NT AUTHORITY\LOCAL SERVICE
  Computer: bytesize
  Description: 
Secure Trustlet Id 6 and Pid 26908 stopped with status STATUS_SUCCESS.

Event[54]
  Log Name: System
  Source: Microsoft-Windows-Hyper-V-VmSwitch
  Date: 2026-09-21T20:54:41.5410000Z
  Event ID: 291
  Task: N/A
  Level: Information
  Opcode: Info
  Keyword: N/A
  User: S-1-5-18
  User Name: NT AUTHORITY\SYSTEM
  Computer: bytesize
  Description: 
RSC offload modified for NIC 8A5340E4-22AD-412B-9577-4CEF1E76397F--59184CD9-180B-41E3-8785-99DA83FBD793 (Friendly Name: ) Previous IPv4: Enabled, Current IPv4: Enabled, Previous IPv6: Enabled, Current IPv6: Enabled. Reason: RSC OID

Event[55]
  Log Name: System
  Source: Microsoft-Windows-Hyper-V-VmSwitch
  Date: 2026-09-21T20:54:41.5410000Z
  Event ID: 291
  Task: N/A
  Level: Information
  Opcode: Info
  Keyword: N/A
  User: N/A
  User Name: N/A
  Computer: bytesize
  Description: 
RSC offload modified for NIC 8A5340E4-22AD-412B-9577-4CEF1E76397F--59184CD9-180B-41E3-8785-99DA83FBD793 (Friendly Name: ) Previous IPv4: Enabled, Current IPv4: Enabled, Previous IPv6: Enabled, Current IPv6: Enabled. Reason: NIC connect

Event[56]
  Log Name: System
  Source: Microsoft-Windows-Hyper-V-VmSwitch
  Date: 2026-09-21T20:54:41.5370000Z
  Event ID: 102
  Task: N/A
  Level: Information
  Opcode: Info
  Keyword: N/A
  User: S-1-5-83-1-2320711908-1093345965-4014765973-2134472222
  User Name: NT VIRTUAL MACHINE\8A5340E4-22AD-412B-9577-4CEF1E76397F
  Computer: bytesize
  Description: 
Networking driver in 8A5340E4-22AD-412B-9577-4CEF1E76397F is loaded and the protocol version is negotiated to the most recent version (Virtual machine ID 8A5340E4-22AD-412B-9577-4CEF1E76397F).

Event[57]
  Log Name: System
  Source: Microsoft-Windows-Hyper-V-VmSwitch
  Date: 2026-09-21T20:54:41.2780000Z
  Event ID: 291
  Task: N/A
  Level: Information
  Opcode: Info
  Keyword: N/A
  User: S-1-5-18
  User Name: NT AUTHORITY\SYSTEM
  Computer: bytesize
  Description: 
RSC offload modified for NIC 8A5340E4-22AD-412B-9577-4CEF1E76397F--59184CD9-180B-41E3-8785-99DA83FBD793 (Friendly Name: ) Previous IPv4: Disabled, Current IPv4: Enabled, Previous IPv6: Disabled, Current IPv6: Enabled. Reason: RSC OID

Event[58]
  Log Name: System
  Source: Microsoft-Windows-Hyper-V-VmSwitch
  Date: 2026-09-21T20:54:41.2780000Z
  Event ID: 291
  Task: N/A
  Level: Information
  Opcode: Info
  Keyword: N/A
  User: N/A
  User Name: N/A
  Computer: bytesize
  Description: 
RSC offload modified for NIC 8A5340E4-22AD-412B-9577-4CEF1E76397F--59184CD9-180B-41E3-8785-99DA83FBD793 (Friendly Name: ) Previous IPv4: Disabled, Current IPv4: Disabled, Previous IPv6: Disabled, Current IPv6: Disabled. Reason: NIC connect

Event[59]
  Log Name: System
  Source: Microsoft-Windows-Hyper-V-VmSwitch
  Date: 2026-09-21T20:54:41.2720000Z
  Event ID: 102
  Task: N/A
  Level: Information
  Opcode: Info
  Keyword: N/A
  User: S-1-5-83-1-2320711908-1093345965-4014765973-2134472222
  User Name: NT VIRTUAL MACHINE\8A5340E4-22AD-412B-9577-4CEF1E76397F
  Computer: bytesize
  Description: 
Networking driver in 8A5340E4-22AD-412B-9577-4CEF1E76397F is loaded and the protocol version is negotiated to the most recent version (Virtual machine ID 8A5340E4-22AD-412B-9577-4CEF1E76397F).

Event[60]
  Log Name: System
  Source: Microsoft-Windows-Hyper-V-VmSwitch
  Date: 2026-09-21T20:54:41.2720000Z
  Event ID: 232
  Task: N/A
  Level: Information
  Opcode: Info
  Keyword: N/A
  User: S-1-5-83-1-2320711908-1093345965-4014765973-2134472222
  User Name: NT VIRTUAL MACHINE\8A5340E4-22AD-412B-9577-4CEF1E76397F
  Computer: bytesize
  Description: 
NIC 8A5340E4-22AD-412B-9577-4CEF1E76397F--59184CD9-180B-41E3-8785-99DA83FBD793 (Friendly Name: ) successfully connected to port 59184CD9-180B-41E3-8785-99DA83FBD793 (Friendly Name: 59184CD9-180B-41E3-8785-99DA83FBD793) on switch 790E58B4-7939-4434-9358-89AE7DDBE87E(Friendly Name: WSL (Hyper-V firewall)).

Event[61]
  Log Name: System
  Source: Microsoft-Windows-Hyper-V-VmSwitch
  Date: 2026-09-21T20:54:41.2690000Z
  Event ID: 233
  Task: N/A
  Level: Information
  Opcode: Info
  Keyword: N/A
  User: S-1-5-83-1-2320711908-1093345965-4014765973-2134472222
  User Name: NT VIRTUAL MACHINE\8A5340E4-22AD-412B-9577-4CEF1E76397F
  Computer: bytesize
  Description: 
The operation 'Create' succeeded on nic 8A5340E4-22AD-412B-9577-4CEF1E76397F--59184CD9-180B-41E3-8785-99DA83FBD793 (Friendly Name: ), Instance Id {00000000-0000-0000-0000-000000000000}.

Event[62]
  Log Name: System
  Source: Microsoft-Windows-Hyper-V-VmSwitch
  Date: 2026-09-21T20:54:41.2690000Z
  Event ID: 291
  Task: N/A
  Level: Information
  Opcode: Info
  Keyword: N/A
  User: S-1-5-83-1-2320711908-1093345965-4014765973-2134472222
  User Name: NT VIRTUAL MACHINE\8A5340E4-22AD-412B-9577-4CEF1E76397F
  Computer: bytesize
  Description: 
RSC offload modified for NIC 8A5340E4-22AD-412B-9577-4CEF1E76397F--59184CD9-180B-41E3-8785-99DA83FBD793 (Friendly Name: ) Previous IPv4: Disabled, Current IPv4: Disabled, Previous IPv6: Disabled, Current IPv6: Disabled. Reason: NIC create

Event[63]
  Log Name: System
  Source: Microsoft-Windows-Hyper-V-VmSwitch
  Date: 2026-09-21T20:54:41.2640000Z
  Event ID: 67
  Task: N/A
  Level: Information
  Opcode: Info
  Keyword: N/A
  User: S-1-5-18
  User Name: NT AUTHORITY\SYSTEM
  Computer: bytesize
  Description: 
Port 59184CD9-180B-41E3-8785-99DA83FBD793 (Friendly Name: 59184CD9-180B-41E3-8785-99DA83FBD793) successfully created on switch 790E58B4-7939-4434-9358-89AE7DDBE87E (Friendly Name: WSL (Hyper-V firewall)).

Event[64]
  Log Name: System
  Source: Microsoft-Windows-Hyper-V-VmSwitch
  Date: 2026-09-21T20:54:41.2640000Z
  Event ID: 292
  Task: N/A
  Level: Information
  Opcode: Info
  Keyword: N/A
  User: N/A
  User Name: N/A
  Computer: bytesize
  Description: 
RSC offload modified for Port 59184CD9-180B-41E3-8785-99DA83FBD793 (Friendly Name: 59184CD9-180B-41E3-8785-99DA83FBD793) Previous: Disabled, Current: Enabled. Reason: Port create

Event[65]
  Log Name: System
  Source: Service Control Manager
  Date: 2026-09-21T20:48:45.7930000Z
  Event ID: 7009
  Task: N/A
  Level: Error
  Opcode: N/A
  Keyword: Classic,
  User: N/A
  User Name: N/A
  Computer: bytesize
  Description: 
A timeout was reached (30000 milliseconds) while waiting for the Intel(R) SUR QC Software Asset Manager service to connect.

Event[66]
  Log Name: System
  Source: Microsoft-Windows-WindowsUpdateClient
  Date: 2026-09-21T20:48:35.5300000Z
  Event ID: 19
  Task: Windows Update Agent
  Level: Information
  Opcode: Installation
  Keyword: Installation,Success,
  User: S-1-5-18
  User Name: NT AUTHORITY\SYSTEM
  Computer: bytesize
  Description: 
Installation Successful: Windows successfully installed the following update: Security Intelligence Update for Microsoft Defender Antivirus - KB2267602 (Version 1.459.327.0) - Current Channel (Broad)

Event[67]
  Log Name: System
  Source: Microsoft-Windows-IsolatedUserMode
  Date: 2026-09-21T20:48:32.2420000Z
  Event ID: 1
  Task: N/A
  Level: Information
  Opcode: Info
  Keyword: N/A
  User: S-1-5-19
  User Name: NT AUTHORITY\LOCAL SERVICE
  Computer: bytesize
  Description: 
Secure Trustlet \??\C:\WINDOWS\System32\NgcIso.exe Id 6 and Pid 26908 started with status STATUS_SUCCESS.

Event[68]
  Log Name: System
  Source: Microsoft-Windows-IsolatedUserMode
  Date: 2026-09-21T20:48:32.2420000Z
  Event ID: 5
  Task: N/A
  Level: Information
  Opcode: Info
  Keyword: N/A
  User: S-1-5-19
  User Name: NT AUTHORITY\LOCAL SERVICE
  Computer: bytesize
  Description: 
Secure Trustlet NULL Id 0 and Pid 0 started with status STATUS_SUCCESS.

Event[69]
  Log Name: System
  Source: Microsoft-Windows-WindowsUpdateClient
  Date: 2026-09-21T20:48:29.9440000Z
  Event ID: 43
  Task: Windows Update Agent
  Level: Information
  Opcode: Installation
  Keyword: Installation,Started,
  User: S-1-5-18
  User Name: NT AUTHORITY\SYSTEM
  Computer: bytesize
  Description: 
Installation Started: Windows has started installing the following update: Security Intelligence Update for Microsoft Defender Antivirus - KB2267602 (Version 1.459.327.0) - Current Channel (Broad)

Event[70]
  Log Name: System
  Source: Microsoft-Windows-WindowsUpdateClient
  Date: 2026-09-21T20:48:29.9440000Z
  Event ID: 44
  Task: Windows Update Agent
  Level: Information
  Opcode: Installation
  Keyword: Download,Started,
  User: S-1-5-18
  User Name: NT AUTHORITY\SYSTEM
  Computer: bytesize
  Description: 
Windows Update started downloading an update.

Event[71]
  Log Name: System
  Source: Microsoft-Windows-DistributedCOM
  Date: 2026-09-21T20:48:28.2880000Z
  Event ID: 10016
  Task: N/A
  Level: Warning
  Opcode: Info
  Keyword: Classic,
  User: S-1-5-20
  User Name: NT AUTHORITY\NETWORK SERVICE
  Computer: bytesize
  Description: 
The application-specific permission settings do not grant Local Activation permission for the COM Server application with CLSID 
{9EA82395-E31B-41CA-8DF7-EC1CEE7194DF}
 and APPID 
{2ED83BAA-B2FD-43B1-99BF-E6149C622692}
 to the user NT AUTHORITY\NETWORK SERVICE SID (S-1-5-20) from address LocalHost (Using LRPC) running in the application container Unavailable SID (Unavailable). This security permission can be modified using the Component Services administrative tool.

Event[72]
  Log Name: System
  Source: Microsoft-Windows-Kernel-General
  Date: 2026-09-21T20:48:23.6850000Z
  Event ID: 16
  Task: N/A
  Level: Information
  Opcode: Info
  Keyword: N/A
  User: S-1-5-18
  User Name: NT AUTHORITY\SYSTEM
  Computer: bytesize
  Description: 
The access history in hive \??\C:\ProgramData\Microsoft\Provisioning\Microsoft-Desktop-Provisioning-Sequence.dat was cleared updating 0 keys and creating 0 modified pages.

Event[73]
  Log Name: System
  Source: Microsoft-Windows-IsolatedUserMode
  Date: 2026-09-21T20:47:11.9320000Z
  Event ID: 2
  Task: N/A
  Level: Information
  Opcode: Info
  Keyword: N/A
  User: S-1-5-19
  User Name: NT AUTHORITY\LOCAL SERVICE
  Computer: bytesize
  Description: 
Secure Trustlet Id 6 and Pid 6440 stopped with status STATUS_SUCCESS.

Event[74]
  Log Name: System
  Source: Microsoft-Windows-Hyper-V-VmSwitch
  Date: 2026-09-21T20:46:48.6490000Z
  Event ID: 71
  Task: N/A
  Level: Information
  Opcode: Info
  Keyword: N/A
  User: S-1-5-83-1-3036736477-1086609052-94865848-526730418
  User Name: NT VIRTUAL MACHINE\B500EBDD-569C-40C4-B889-A705B244651F
  Computer: bytesize
  Description: 
Delete complete for port 53BE1334-BC2C-4CEA-AAA9-079F19A52B89 (Friendly Name: 53BE1334-BC2C-4CEA-AAA9-079F19A52B89).

Event[75]
  Log Name: System
  Source: Microsoft-Windows-Hyper-V-VmSwitch
  Date: 2026-09-21T20:46:48.6490000Z
  Event ID: 69
  Task: N/A
  Level: Information
  Opcode: Info
  Keyword: N/A
  User: S-1-5-83-1-3036736477-1086609052-94865848-526730418
  User Name: NT VIRTUAL MACHINE\B500EBDD-569C-40C4-B889-A705B244651F
  Computer: bytesize
  Description: 
Port 53BE1334-BC2C-4CEA-AAA9-079F19A52B89 (Friendly Name: 53BE1334-BC2C-4CEA-AAA9-079F19A52B89) successfully deleted - switch 790E58B4-7939-4434-9358-89AE7DDBE87E (Friendly Name: WSL (Hyper-V firewall)).

Event[76]
  Log Name: System
  Source: Microsoft-Windows-Hyper-V-VmSwitch
  Date: 2026-09-21T20:46:48.6460000Z
  Event ID: 233
  Task: N/A
  Level: Information
  Opcode: Info
  Keyword: N/A
  User: S-1-5-83-1-3036736477-1086609052-94865848-526730418
  User Name: NT VIRTUAL MACHINE\B500EBDD-569C-40C4-B889-A705B244651F
  Computer: bytesize
  Description: 
The operation 'Delete' succeeded on nic B500EBDD-569C-40C4-B889-A705B244651F--53BE1334-BC2C-4CEA-AAA9-079F19A52B89 (Friendly Name: ), Instance Id {00000000-0000-0000-0000-000000000000}.

Event[77]
  Log Name: System
  Source: Microsoft-Windows-Hyper-V-VmSwitch
  Date: 2026-09-21T20:46:48.6450000Z
  Event ID: 234
  Task: N/A
  Level: Information
  Opcode: Info
  Keyword: N/A
  User: S-1-5-83-1-3036736477-1086609052-94865848-526730418
  User Name: NT VIRTUAL MACHINE\B500EBDD-569C-40C4-B889-A705B244651F
  Computer: bytesize
  Description: 
NIC B500EBDD-569C-40C4-B889-A705B244651F--53BE1334-BC2C-4CEA-AAA9-079F19A52B89 successfully disconnected from port .

Event[78]
  Log Name: System
  Source: Microsoft-Windows-Hyper-V-VmSwitch
  Date: 2026-09-21T20:46:48.0970000Z
  Event ID: 234
  Task: N/A
  Level: Information
  Opcode: Info
  Keyword: N/A
  User: S-1-5-18
  User Name: NT AUTHORITY\SYSTEM
  Computer: bytesize
  Description: 
NIC B500EBDD-569C-40C4-B889-A705B244651F--53BE1334-BC2C-4CEA-AAA9-079F19A52B89 successfully disconnected from port .

Event[79]
  Log Name: System
  Source: Microsoft-Windows-Hyper-V-VmSwitch
  Date: 2026-09-21T20:45:43.0520000Z
  Event ID: 291
  Task: N/A
  Level: Information
  Opcode: Info
  Keyword: N/A
  User: S-1-5-18
  User Name: NT AUTHORITY\SYSTEM
  Computer: bytesize
  Description: 
RSC offload modified for NIC B500EBDD-569C-40C4-B889-A705B244651F--53BE1334-BC2C-4CEA-AAA9-079F19A52B89 (Friendly Name: ) Previous IPv4: Enabled, Current IPv4: Enabled, Previous IPv6: Enabled, Current IPv6: Enabled. Reason: RSC OID

Event[80]
  Log Name: System
  Source: Microsoft-Windows-Hyper-V-VmSwitch
  Date: 2026-09-21T20:45:43.0510000Z
  Event ID: 291
  Task: N/A
  Level: Information
  Opcode: Info
  Keyword: N/A
  User: N/A
  User Name: N/A
  Computer: bytesize
  Description: 
RSC offload modified for NIC B500EBDD-569C-40C4-B889-A705B244651F--53BE1334-BC2C-4CEA-AAA9-079F19A52B89 (Friendly Name: ) Previous IPv4: Enabled, Current IPv4: Enabled, Previous IPv6: Enabled, Current IPv6: Enabled. Reason: NIC connect

Event[81]
  Log Name: System
  Source: Microsoft-Windows-Hyper-V-VmSwitch
  Date: 2026-09-21T20:45:43.0480000Z
  Event ID: 102
  Task: N/A
  Level: Information
  Opcode: Info
  Keyword: N/A
  User: S-1-5-83-1-3036736477-1086609052-94865848-526730418
  User Name: NT VIRTUAL MACHINE\B500EBDD-569C-40C4-B889-A705B244651F
  Computer: bytesize
  Description: 
Networking driver in B500EBDD-569C-40C4-B889-A705B244651F is loaded and the protocol version is negotiated to the most recent version (Virtual machine ID B500EBDD-569C-40C4-B889-A705B244651F).

Event[82]
  Log Name: System
  Source: Microsoft-Windows-Hyper-V-VmSwitch
  Date: 2026-09-21T20:45:42.9450000Z
  Event ID: 291
  Task: N/A
  Level: Information
  Opcode: Info
  Keyword: N/A
  User: S-1-5-18
  User Name: NT AUTHORITY\SYSTEM
  Computer: bytesize
  Description: 
RSC offload modified for NIC B500EBDD-569C-40C4-B889-A705B244651F--53BE1334-BC2C-4CEA-AAA9-079F19A52B89 (Friendly Name: ) Previous IPv4: Disabled, Current IPv4: Enabled, Previous IPv6: Disabled, Current IPv6: Enabled. Reason: RSC OID

Event[83]
  Log Name: System
  Source: Microsoft-Windows-Hyper-V-VmSwitch
  Date: 2026-09-21T20:45:42.9450000Z
  Event ID: 291
  Task: N/A
  Level: Information
  Opcode: Info
  Keyword: N/A
  User: N/A
  User Name: N/A
  Computer: bytesize
  Description: 
RSC offload modified for NIC B500EBDD-569C-40C4-B889-A705B244651F--53BE1334-BC2C-4CEA-AAA9-079F19A52B89 (Friendly Name: ) Previous IPv4: Disabled, Current IPv4: Disabled, Previous IPv6: Disabled, Current IPv6: Disabled. Reason: NIC connect

Event[84]
  Log Name: System
  Source: Microsoft-Windows-Hyper-V-VmSwitch
  Date: 2026-09-21T20:45:42.9390000Z
  Event ID: 102
  Task: N/A
  Level: Information
  Opcode: Info
  Keyword: N/A
  User: S-1-5-83-1-3036736477-1086609052-94865848-526730418
  User Name: NT VIRTUAL MACHINE\B500EBDD-569C-40C4-B889-A705B244651F
  Computer: bytesize
  Description: 
Networking driver in B500EBDD-569C-40C4-B889-A705B244651F is loaded and the protocol version is negotiated to the most recent version (Virtual machine ID B500EBDD-569C-40C4-B889-A705B244651F).

Event[85]
  Log Name: System
  Source: Microsoft-Windows-Hyper-V-VmSwitch
  Date: 2026-09-21T20:45:42.9380000Z
  Event ID: 232
  Task: N/A
  Level: Information
  Opcode: Info
  Keyword: N/A
  User: S-1-5-83-1-3036736477-1086609052-94865848-526730418
  User Name: NT VIRTUAL MACHINE\B500EBDD-569C-40C4-B889-A705B244651F
  Computer: bytesize
  Description: 
NIC B500EBDD-569C-40C4-B889-A705B244651F--53BE1334-BC2C-4CEA-AAA9-079F19A52B89 (Friendly Name: ) successfully connected to port 53BE1334-BC2C-4CEA-AAA9-079F19A52B89 (Friendly Name: 53BE1334-BC2C-4CEA-AAA9-079F19A52B89) on switch 790E58B4-7939-4434-9358-89AE7DDBE87E(Friendly Name: WSL (Hyper-V firewall)).

Event[86]
  Log Name: System
  Source: Microsoft-Windows-Hyper-V-VmSwitch
  Date: 2026-09-21T20:45:42.9360000Z
  Event ID: 233
  Task: N/A
  Level: Information
  Opcode: Info
  Keyword: N/A
  User: S-1-5-83-1-3036736477-1086609052-94865848-526730418
  User Name: NT VIRTUAL MACHINE\B500EBDD-569C-40C4-B889-A705B244651F
  Computer: bytesize
  Description: 
The operation 'Create' succeeded on nic B500EBDD-569C-40C4-B889-A705B244651F--53BE1334-BC2C-4CEA-AAA9-079F19A52B89 (Friendly Name: ), Instance Id {00000000-0000-0000-0000-000000000000}.

Event[87]
  Log Name: System
  Source: Microsoft-Windows-Hyper-V-VmSwitch
  Date: 2026-09-21T20:45:42.9360000Z
  Event ID: 291
  Task: N/A
  Level: Information
  Opcode: Info
  Keyword: N/A
  User: S-1-5-83-1-3036736477-1086609052-94865848-526730418
  User Name: NT VIRTUAL MACHINE\B500EBDD-569C-40C4-B889-A705B244651F
  Computer: bytesize
  Description: 
RSC offload modified for NIC B500EBDD-569C-40C4-B889-A705B244651F--53BE1334-BC2C-4CEA-AAA9-079F19A52B89 (Friendly Name: ) Previous IPv4: Disabled, Current IPv4: Disabled, Previous IPv6: Disabled, Current IPv6: Disabled. Reason: NIC create

Event[88]
  Log Name: System
  Source: Microsoft-Windows-Hyper-V-VmSwitch
  Date: 2026-09-21T20:45:42.9310000Z
  Event ID: 67
  Task: N/A
  Level: Information
  Opcode: Info
  Keyword: N/A
  User: S-1-5-18
  User Name: NT AUTHORITY\SYSTEM
  Computer: bytesize
  Description: 
Port 53BE1334-BC2C-4CEA-AAA9-079F19A52B89 (Friendly Name: 53BE1334-BC2C-4CEA-AAA9-079F19A52B89) successfully created on switch 790E58B4-7939-4434-9358-89AE7DDBE87E (Friendly Name: WSL (Hyper-V firewall)).

Event[89]
  Log Name: System
  Source: Microsoft-Windows-Hyper-V-VmSwitch
  Date: 2026-09-21T20:45:42.9310000Z
  Event ID: 292
  Task: N/A
  Level: Information
  Opcode: Info
  Keyword: N/A
  User: N/A
  User Name: N/A
  Computer: bytesize
  Description: 
RSC offload modified for Port 53BE1334-BC2C-4CEA-AAA9-079F19A52B89 (Friendly Name: 53BE1334-BC2C-4CEA-AAA9-079F19A52B89) Previous: Disabled, Current: Enabled. Reason: Port create

Event[90]
  Log Name: System
  Source: Microsoft-Windows-Hyper-V-VmSwitch
  Date: 2026-09-21T20:45:22.3860000Z
  Event ID: 71
  Task: N/A
  Level: Information
  Opcode: Info
  Keyword: N/A
  User: S-1-5-83-1-1766231237-1176214724-2066245000-2344587314
  User Name: NT VIRTUAL MACHINE\69468CC5-9CC4-461B-8865-287B3290BF8B
  Computer: bytesize
  Description: 
Delete complete for port D7AF0035-0366-4D6E-8052-B6FBF06010BF (Friendly Name: D7AF0035-0366-4D6E-8052-B6FBF06010BF).

Event[91]
  Log Name: System
  Source: Microsoft-Windows-Hyper-V-VmSwitch
  Date: 2026-09-21T20:45:22.3860000Z
  Event ID: 69
  Task: N/A
  Level: Information
  Opcode: Info
  Keyword: N/A
  User: S-1-5-83-1-1766231237-1176214724-2066245000-2344587314
  User Name: NT VIRTUAL MACHINE\69468CC5-9CC4-461B-8865-287B3290BF8B
  Computer: bytesize
  Description: 
Port D7AF0035-0366-4D6E-8052-B6FBF06010BF (Friendly Name: D7AF0035-0366-4D6E-8052-B6FBF06010BF) successfully deleted - switch 790E58B4-7939-4434-9358-89AE7DDBE87E (Friendly Name: WSL (Hyper-V firewall)).

Event[92]
  Log Name: System
  Source: Microsoft-Windows-Hyper-V-VmSwitch
  Date: 2026-09-21T20:45:22.3840000Z
  Event ID: 233
  Task: N/A
  Level: Information
  Opcode: Info
  Keyword: N/A
  User: S-1-5-83-1-1766231237-1176214724-2066245000-2344587314
  User Name: NT VIRTUAL MACHINE\69468CC5-9CC4-461B-8865-287B3290BF8B
  Computer: bytesize
  Description: 
The operation 'Delete' succeeded on nic 69468CC5-9CC4-461B-8865-287B3290BF8B--D7AF0035-0366-4D6E-8052-B6FBF06010BF (Friendly Name: ), Instance Id {00000000-0000-0000-0000-000000000000}.

Event[93]
  Log Name: System
  Source: Microsoft-Windows-Hyper-V-VmSwitch
  Date: 2026-09-21T20:45:22.3820000Z
  Event ID: 234
  Task: N/A
  Level: Information
  Opcode: Info
  Keyword: N/A
  User: S-1-5-83-1-1766231237-1176214724-2066245000-2344587314
  User Name: NT VIRTUAL MACHINE\69468CC5-9CC4-461B-8865-287B3290BF8B
  Computer: bytesize
  Description: 
NIC 69468CC5-9CC4-461B-8865-287B3290BF8B--D7AF0035-0366-4D6E-8052-B6FBF06010BF successfully disconnected from port .

Event[94]
  Log Name: System
  Source: Microsoft-Windows-Hyper-V-VmSwitch
  Date: 2026-09-21T20:45:22.1510000Z
  Event ID: 234
  Task: N/A
  Level: Information
  Opcode: Info
  Keyword: N/A
  User: S-1-5-18
  User Name: NT AUTHORITY\SYSTEM
  Computer: bytesize
  Description: 
NIC 69468CC5-9CC4-461B-8865-287B3290BF8B--D7AF0035-0366-4D6E-8052-B6FBF06010BF successfully disconnected from port .

Event[95]
